{"name": "Blenders", "status": "broken", "statusDetails": {"message": "selenium.common.exceptions.NoSuchElementException: Message: Unable to locate element: .pagenav\n\n", "trace": "  File \"c:\\users\\user\\appdata\\local\\programs\\python\\python36\\lib\\site-packages\\behave\\model.py\", line 1456, in run\n    match.run(runner.context)\n  File \"c:\\users\\user\\appdata\\local\\programs\\python\\python36\\lib\\site-packages\\behave\\model.py\", line 1903, in run\n    self.func(context, *args, **kwargs)\n  File \"step_test.py\", line 45, in step\n    context.browser.find_element_by_class_name(text)\n  File \"c:\\users\\user\\appdata\\local\\programs\\python\\python36\\lib\\site-packages\\selenium\\webdriver\\remote\\webdriver.py\", line 485, in find_element_by_class_name\n    return self.find_element(by=By.CLASS_NAME, value=name)\n  File \"c:\\users\\user\\appdata\\local\\programs\\python\\python36\\lib\\site-packages\\selenium\\webdriver\\remote\\webdriver.py\", line 855, in find_element\n    'value': value})['value']\n  File \"c:\\users\\user\\appdata\\local\\programs\\python\\python36\\lib\\site-packages\\selenium\\webdriver\\remote\\webdriver.py\", line 308, in execute\n    self.error_handler.check_response(response)\n  File \"c:\\users\\user\\appdata\\local\\programs\\python\\python36\\lib\\site-packages\\selenium\\webdriver\\remote\\errorhandler.py\", line 194, in check_response\n    raise exception_class(message, screen, stacktrace)\n"}, "steps": [{"name": "Given websites https://www.mirkrestikom.ru/shop/nabory-dlja-rukodelija-abstrakciya/", "status": "passed", "start": 1518158330559, "stop": 1518158333759}, {"name": "Then scroll to '300'", "status": "passed", "start": 1518158333759, "stop": 1518158333775}, {"name": "Then page include by class 'view_count_options'", "status": "passed", "start": 1518158333775, "stop": 1518158333790}, {"name": "Then select Все from list by name view_count", "status": "passed", "start": 1518158333790, "stop": 1518158334290}, {"name": "Then scroll to '400'", "status": "passed", "start": 1518158334290, "stop": 1518158334305}, {"name": "Then page wait '3'", "status": "passed", "start": 1518158334305, "stop": 1518158337318}, {"name": "Then page include by class 'info_item_table2'", "status": "passed", "start": 1518158337318, "stop": 1518158337427}, {"name": "Then page include by class 'pagenav'", "status": "broken", "statusDetails": {"message": "selenium.common.exceptions.NoSuchElementException: Message: Unable to locate element: .pagenav\n\n", "trace": "  File \"c:\\users\\user\\appdata\\local\\programs\\python\\python36\\lib\\site-packages\\behave\\model.py\", line 1456, in run\n    match.run(runner.context)\n  File \"c:\\users\\user\\appdata\\local\\programs\\python\\python36\\lib\\site-packages\\behave\\model.py\", line 1903, in run\n    self.func(context, *args, **kwargs)\n  File \"step_test.py\", line 45, in step\n    context.browser.find_element_by_class_name(text)\n  File \"c:\\users\\user\\appdata\\local\\programs\\python\\python36\\lib\\site-packages\\selenium\\webdriver\\remote\\webdriver.py\", line 485, in find_element_by_class_name\n    return self.find_element(by=By.CLASS_NAME, value=name)\n  File \"c:\\users\\user\\appdata\\local\\programs\\python\\python36\\lib\\site-packages\\selenium\\webdriver\\remote\\webdriver.py\", line 855, in find_element\n    'value': value})['value']\n  File \"c:\\users\\user\\appdata\\local\\programs\\python\\python36\\lib\\site-packages\\selenium\\webdriver\\remote\\webdriver.py\", line 308, in execute\n    self.error_handler.check_response(response)\n  File \"c:\\users\\user\\appdata\\local\\programs\\python\\python36\\lib\\site-packages\\selenium\\webdriver\\remote\\errorhandler.py\", line 194, in check_response\n    raise exception_class(message, screen, stacktrace)\n"}, "start": 1518158337427, "stop": 1518158337443}, {"name": "Then page include by class 'ss-pagact'", "status": "skipped", "start": 1518158337568, "stop": 1518158337568}], "attachments": [{"name": "screenshot", "source": "e49cb177-7c9b-4bfe-a79c-cf2f21bb00b6-attachment.png", "type": "image/png"}], "parameters": [{"name": "url", "value": "https://www.mirkrestikom.ru/shop/nabory-dlja-rukodelija-abstrakciya/"}, {"name": "order", "value": "Все"}, {"name": "view", "value": "view_count"}], "start": 1518158330559, "stop": 1518158337568, "uuid": "1948509b-9f47-4ba1-8a9d-d778ef9a3c7c", "historyId": "db4af3c2b5a41a268ff8a72044f88711", "labels": [{"name": "severity", "value": "normal"}, {"name": "feature", "value": "Checking list (step)"}, {"name": "framework", "value": "behave"}, {"name": "language", "value": "cpython3"}]}