{"name": "Change count", "status": "broken", "statusDetails": {"message": "selenium.common.exceptions.TimeoutException: Message: \n\n", "trace": "  File \"c:\\users\\user\\appdata\\local\\programs\\python\\python36\\lib\\site-packages\\behave\\model.py\", line 1456, in run\n    match.run(runner.context)\n  File \"c:\\users\\user\\appdata\\local\\programs\\python\\python36\\lib\\site-packages\\behave\\model.py\", line 1903, in run\n    self.func(context, *args, **kwargs)\n  File \"step_test.py\", line 55, in step\n    EC.element_to_be_clickable((By.CLASS_NAME, text)))\n  File \"c:\\users\\user\\appdata\\local\\programs\\python\\python36\\lib\\site-packages\\selenium\\webdriver\\support\\wait.py\", line 80, in until\n    raise TimeoutException(message, screen, stacktrace)\n"}, "steps": [{"name": "Given website '/shop/vishivanki/'", "status": "passed", "start": 1519024298648, "stop": 1519024301435}, {"name": "Then scroll to '300'", "status": "passed", "start": 1519024301435, "stop": 1519024301467}, {"name": "Then page include by class 'view_count_options'", "status": "passed", "start": 1519024301468, "stop": 1519024301522}, {"name": "Then select Все from list by name view_count", "status": "passed", "start": 1519024301523, "stop": 1519024301934}, {"name": "Then scroll to '400'", "status": "passed", "start": 1519024301934, "stop": 1519024301938}, {"name": "Then page include by class 'info_item_table2'", "status": "passed", "start": 1519024301938, "stop": 1519024303711}, {"name": "Then page include by class 'pagenav'", "status": "broken", "statusDetails": {"message": "selenium.common.exceptions.TimeoutException: Message: \n\n", "trace": "  File \"c:\\users\\user\\appdata\\local\\programs\\python\\python36\\lib\\site-packages\\behave\\model.py\", line 1456, in run\n    match.run(runner.context)\n  File \"c:\\users\\user\\appdata\\local\\programs\\python\\python36\\lib\\site-packages\\behave\\model.py\", line 1903, in run\n    self.func(context, *args, **kwargs)\n  File \"step_test.py\", line 55, in step\n    EC.element_to_be_clickable((By.CLASS_NAME, text)))\n  File \"c:\\users\\user\\appdata\\local\\programs\\python\\python36\\lib\\site-packages\\selenium\\webdriver\\support\\wait.py\", line 80, in until\n    raise TimeoutException(message, screen, stacktrace)\n"}, "start": 1519024303711, "stop": 1519024313823}, {"name": "Then page include by class 'ss-pagact'", "status": "skipped", "start": 1519024313932, "stop": 1519024313932}], "attachments": [{"name": "screenshot", "source": "f3405e57-418e-4e7f-83b5-03c981a6c603-attachment.png", "type": "image/png"}], "parameters": [{"name": "url", "value": "/shop/vishivanki/"}, {"name": "order", "value": "Все"}, {"name": "view", "value": "view_count"}], "start": 1519024298647, "stop": 1519024313932, "uuid": "bc8f1baa-5e29-4aee-b540-269f9ff27f9e", "historyId": "38b8ab393c068f55d51c9d16508fc0e3", "labels": [{"name": "severity", "value": "normal"}, {"name": "feature", "value": "Checking list"}, {"name": "framework", "value": "behave"}, {"name": "language", "value": "cpython3"}]}