{"name": "Change count", "status": "broken", "statusDetails": {"message": "selenium.common.exceptions.TimeoutException: Message: \n\n", "trace": "  File \"c:\\users\\user\\appdata\\local\\programs\\python\\python36\\lib\\site-packages\\behave\\model.py\", line 1456, in run\n    match.run(runner.context)\n  File \"c:\\users\\user\\appdata\\local\\programs\\python\\python36\\lib\\site-packages\\behave\\model.py\", line 1903, in run\n    self.func(context, *args, **kwargs)\n  File \"step_test.py\", line 55, in step\n    EC.element_to_be_clickable((By.CLASS_NAME, text)))\n  File \"c:\\users\\user\\appdata\\local\\programs\\python\\python36\\lib\\site-packages\\selenium\\webdriver\\support\\wait.py\", line 80, in until\n    raise TimeoutException(message, screen, stacktrace)\n"}, "steps": [{"name": "Given website '/shop/vishivanki/'", "status": "passed", "start": 1519110824861, "stop": 1519110827454}, {"name": "Then scroll to '300'", "status": "passed", "start": 1519110827455, "stop": 1519110827517}, {"name": "Then page include by class 'view_count_options'", "status": "passed", "start": 1519110827518, "stop": 1519110827690}, {"name": "Then select 100 from list by name view_count", "status": "passed", "start": 1519110827690, "stop": 1519110828192}, {"name": "Then scroll to '400'", "status": "passed", "start": 1519110828193, "stop": 1519110828210}, {"name": "Then page include by class 'info_item_table2'", "status": "passed", "start": 1519110828210, "stop": 1519110829812}, {"name": "Then page include by class 'pagenav'", "status": "broken", "statusDetails": {"message": "selenium.common.exceptions.TimeoutException: Message: \n\n", "trace": "  File \"c:\\users\\user\\appdata\\local\\programs\\python\\python36\\lib\\site-packages\\behave\\model.py\", line 1456, in run\n    match.run(runner.context)\n  File \"c:\\users\\user\\appdata\\local\\programs\\python\\python36\\lib\\site-packages\\behave\\model.py\", line 1903, in run\n    self.func(context, *args, **kwargs)\n  File \"step_test.py\", line 55, in step\n    EC.element_to_be_clickable((By.CLASS_NAME, text)))\n  File \"c:\\users\\user\\appdata\\local\\programs\\python\\python36\\lib\\site-packages\\selenium\\webdriver\\support\\wait.py\", line 80, in until\n    raise TimeoutException(message, screen, stacktrace)\n"}, "start": 1519110829812, "stop": 1519110853186}, {"name": "Then page include by class 'ss-pagact'", "status": "skipped", "start": 1519110854002, "stop": 1519110854002}], "attachments": [{"name": "screenshot", "source": "ac15720e-64c2-40e7-98c8-e640ca7a7fc4-attachment.png", "type": "image/png"}], "parameters": [{"name": "url", "value": "/shop/vishivanki/"}, {"name": "order", "value": "100"}, {"name": "view", "value": "view_count"}], "start": 1519110824860, "stop": 1519110854002, "uuid": "67d2ab36-9e9e-431f-a771-045e5eb42105", "historyId": "77cb269622163a0006038c4df1176982", "labels": [{"name": "severity", "value": "normal"}, {"name": "feature", "value": "Checking list"}, {"name": "framework", "value": "behave"}, {"name": "language", "value": "cpython3"}]}