{"name": "Blenders", "status": "broken", "statusDetails": {"message": "selenium.common.exceptions.NoSuchElementException: Message: Unable to locate element: .pagenav\n\n", "trace": "  File \"c:\\users\\user\\appdata\\local\\programs\\python\\python36\\lib\\site-packages\\behave\\model.py\", line 1456, in run\n    match.run(runner.context)\n  File \"c:\\users\\user\\appdata\\local\\programs\\python\\python36\\lib\\site-packages\\behave\\model.py\", line 1903, in run\n    self.func(context, *args, **kwargs)\n  File \"step_test.py\", line 45, in step\n    context.browser.find_element_by_class_name(text)\n  File \"c:\\users\\user\\appdata\\local\\programs\\python\\python36\\lib\\site-packages\\selenium\\webdriver\\remote\\webdriver.py\", line 485, in find_element_by_class_name\n    return self.find_element(by=By.CLASS_NAME, value=name)\n  File \"c:\\users\\user\\appdata\\local\\programs\\python\\python36\\lib\\site-packages\\selenium\\webdriver\\remote\\webdriver.py\", line 855, in find_element\n    'value': value})['value']\n  File \"c:\\users\\user\\appdata\\local\\programs\\python\\python36\\lib\\site-packages\\selenium\\webdriver\\remote\\webdriver.py\", line 308, in execute\n    self.error_handler.check_response(response)\n  File \"c:\\users\\user\\appdata\\local\\programs\\python\\python36\\lib\\site-packages\\selenium\\webdriver\\remote\\errorhandler.py\", line 194, in check_response\n    raise exception_class(message, screen, stacktrace)\n"}, "steps": [{"name": "Given websites https://www.mirkrestikom.ru/offers/", "status": "passed", "start": 1518158359815, "stop": 1518158361733}, {"name": "Then scroll to '300'", "status": "passed", "start": 1518158361733, "stop": 1518158361748}, {"name": "Then page include by class 'view_count_options'", "status": "passed", "start": 1518158361748, "stop": 1518158361748}, {"name": "Then select Все from list by name view_count", "status": "passed", "start": 1518158361748, "stop": 1518158362216}, {"name": "Then scroll to '400'", "status": "passed", "start": 1518158362216, "stop": 1518158362279}, {"name": "Then page wait '3'", "status": "passed", "start": 1518158362279, "stop": 1518158365290}, {"name": "Then page include by class 'info_item_table2'", "status": "passed", "start": 1518158365290, "stop": 1518158367896}, {"name": "Then page include by class 'pagenav'", "status": "broken", "statusDetails": {"message": "selenium.common.exceptions.NoSuchElementException: Message: Unable to locate element: .pagenav\n\n", "trace": "  File \"c:\\users\\user\\appdata\\local\\programs\\python\\python36\\lib\\site-packages\\behave\\model.py\", line 1456, in run\n    match.run(runner.context)\n  File \"c:\\users\\user\\appdata\\local\\programs\\python\\python36\\lib\\site-packages\\behave\\model.py\", line 1903, in run\n    self.func(context, *args, **kwargs)\n  File \"step_test.py\", line 45, in step\n    context.browser.find_element_by_class_name(text)\n  File \"c:\\users\\user\\appdata\\local\\programs\\python\\python36\\lib\\site-packages\\selenium\\webdriver\\remote\\webdriver.py\", line 485, in find_element_by_class_name\n    return self.find_element(by=By.CLASS_NAME, value=name)\n  File \"c:\\users\\user\\appdata\\local\\programs\\python\\python36\\lib\\site-packages\\selenium\\webdriver\\remote\\webdriver.py\", line 855, in find_element\n    'value': value})['value']\n  File \"c:\\users\\user\\appdata\\local\\programs\\python\\python36\\lib\\site-packages\\selenium\\webdriver\\remote\\webdriver.py\", line 308, in execute\n    self.error_handler.check_response(response)\n  File \"c:\\users\\user\\appdata\\local\\programs\\python\\python36\\lib\\site-packages\\selenium\\webdriver\\remote\\errorhandler.py\", line 194, in check_response\n    raise exception_class(message, screen, stacktrace)\n"}, "start": 1518158367896, "stop": 1518158367989}, {"name": "Then page include by class 'ss-pagact'", "status": "skipped", "start": 1518158368161, "stop": 1518158368161}], "attachments": [{"name": "screenshot", "source": "452a6d40-0225-4847-a3b6-18f8c00d44ad-attachment.png", "type": "image/png"}], "parameters": [{"name": "url", "value": "https://www.mirkrestikom.ru/offers/"}, {"name": "order", "value": "Все"}, {"name": "view", "value": "view_count"}], "start": 1518158359815, "stop": 1518158368161, "uuid": "1f4329e7-bdfc-4930-9d9a-44332844865f", "historyId": "782dadca7c9cade6f0f62616149b03ae", "labels": [{"name": "severity", "value": "normal"}, {"name": "feature", "value": "Checking list (step)"}, {"name": "framework", "value": "behave"}, {"name": "language", "value": "cpython3"}]}