{"name": "Change count", "status": "broken", "statusDetails": {"message": "selenium.common.exceptions.TimeoutException: Message: \n\n", "trace": "  File \"c:\\users\\user\\appdata\\local\\programs\\python\\python36\\lib\\site-packages\\behave\\model.py\", line 1456, in run\n    match.run(runner.context)\n  File \"c:\\users\\user\\appdata\\local\\programs\\python\\python36\\lib\\site-packages\\behave\\model.py\", line 1903, in run\n    self.func(context, *args, **kwargs)\n  File \"step_test.py\", line 55, in step\n    EC.element_to_be_clickable((By.CLASS_NAME, text)))\n  File \"c:\\users\\user\\appdata\\local\\programs\\python\\python36\\lib\\site-packages\\selenium\\webdriver\\support\\wait.py\", line 80, in until\n    raise TimeoutException(message, screen, stacktrace)\n"}, "steps": [{"name": "Given website '/shop/nabory-dlja-rukodelija-abstrakciya/'", "status": "passed", "start": 1518791480350, "stop": 1518791482614}, {"name": "Then scroll to '300'", "status": "passed", "start": 1518791482614, "stop": 1518791482624}, {"name": "Then page include by class 'view_count_options'", "status": "passed", "start": 1518791482624, "stop": 1518791482670}, {"name": "Then select Все from list by name view_count", "status": "passed", "start": 1518791482670, "stop": 1518791483051}, {"name": "Then scroll to '400'", "status": "passed", "start": 1518791483051, "stop": 1518791483091}, {"name": "Then page include by class 'info_item_table2'", "status": "passed", "start": 1518791483101, "stop": 1518791486639}, {"name": "Then page include by class 'pagenav'", "status": "broken", "statusDetails": {"message": "selenium.common.exceptions.TimeoutException: Message: \n\n", "trace": "  File \"c:\\users\\user\\appdata\\local\\programs\\python\\python36\\lib\\site-packages\\behave\\model.py\", line 1456, in run\n    match.run(runner.context)\n  File \"c:\\users\\user\\appdata\\local\\programs\\python\\python36\\lib\\site-packages\\behave\\model.py\", line 1903, in run\n    self.func(context, *args, **kwargs)\n  File \"step_test.py\", line 55, in step\n    EC.element_to_be_clickable((By.CLASS_NAME, text)))\n  File \"c:\\users\\user\\appdata\\local\\programs\\python\\python36\\lib\\site-packages\\selenium\\webdriver\\support\\wait.py\", line 80, in until\n    raise TimeoutException(message, screen, stacktrace)\n"}, "start": 1518791486639, "stop": 1518791496700}, {"name": "Then page include by class 'ss-pagact'", "status": "skipped", "start": 1518791496810, "stop": 1518791496810}], "attachments": [{"name": "screenshot", "source": "24c5a169-296a-42fd-b9ef-d364e99299c9-attachment.png", "type": "image/png"}], "parameters": [{"name": "url", "value": "/shop/nabory-dlja-rukodelija-abstrakciya/"}, {"name": "order", "value": "Все"}, {"name": "view", "value": "view_count"}], "start": 1518791480350, "stop": 1518791496810, "uuid": "6286a146-2f36-492a-b6a7-c7b95ab9bed7", "historyId": "835bfeea9fdadcd1f36b0c265a7e2fe8", "labels": [{"name": "severity", "value": "normal"}, {"name": "feature", "value": "Checking list"}, {"name": "framework", "value": "behave"}, {"name": "language", "value": "cpython3"}]}