{"name": "Change count", "status": "broken", "statusDetails": {"message": "selenium.common.exceptions.TimeoutException: Message: \n\n", "trace": "  File \"c:\\users\\user\\appdata\\local\\programs\\python\\python36\\lib\\site-packages\\behave\\model.py\", line 1456, in run\n    match.run(runner.context)\n  File \"c:\\users\\user\\appdata\\local\\programs\\python\\python36\\lib\\site-packages\\behave\\model.py\", line 1903, in run\n    self.func(context, *args, **kwargs)\n  File \"step_test.py\", line 42, in step\n    EC.element_to_be_clickable((By.CLASS_NAME, text)))\n  File \"c:\\users\\user\\appdata\\local\\programs\\python\\python36\\lib\\site-packages\\selenium\\webdriver\\support\\wait.py\", line 80, in until\n    raise TimeoutException(message, screen, stacktrace)\n"}, "steps": [{"name": "Given website 'https://www.mirkrestikom.ru/shop/nabory-dlja-rukodelija-abstrakciya/'", "status": "passed", "start": 1518614940244, "stop": 1518614950456}, {"name": "Then scroll to '300'", "status": "passed", "start": 1518614950457, "stop": 1518614950484}, {"name": "Then page include by class 'view_count_options'", "status": "passed", "start": 1518614950484, "stop": 1518614950528}, {"name": "Then select Все from list by name view_count", "status": "passed", "start": 1518614950528, "stop": 1518614951026}, {"name": "Then scroll to '400'", "status": "passed", "start": 1518614951026, "stop": 1518614951033}, {"name": "Then page include by class 'info_item_table2'", "status": "passed", "start": 1518614951033, "stop": 1518614954709}, {"name": "Then page include by class 'pagenav'", "status": "broken", "statusDetails": {"message": "selenium.common.exceptions.TimeoutException: Message: \n\n", "trace": "  File \"c:\\users\\user\\appdata\\local\\programs\\python\\python36\\lib\\site-packages\\behave\\model.py\", line 1456, in run\n    match.run(runner.context)\n  File \"c:\\users\\user\\appdata\\local\\programs\\python\\python36\\lib\\site-packages\\behave\\model.py\", line 1903, in run\n    self.func(context, *args, **kwargs)\n  File \"step_test.py\", line 42, in step\n    EC.element_to_be_clickable((By.CLASS_NAME, text)))\n  File \"c:\\users\\user\\appdata\\local\\programs\\python\\python36\\lib\\site-packages\\selenium\\webdriver\\support\\wait.py\", line 80, in until\n    raise TimeoutException(message, screen, stacktrace)\n"}, "start": 1518614954709, "stop": 1518614959776}, {"name": "Then page include by class 'ss-pagact'", "status": "skipped", "start": 1518614959886, "stop": 1518614959886}], "attachments": [{"name": "screenshot", "source": "3299ce50-7097-4add-a125-114a2b69fa65-attachment.png", "type": "image/png"}], "parameters": [{"name": "url", "value": "https://www.mirkrestikom.ru/shop/nabory-dlja-rukodelija-abstrakciya/"}, {"name": "order", "value": "Все"}, {"name": "view", "value": "view_count"}], "start": 1518614940243, "stop": 1518614959886, "uuid": "15c33630-d045-4a76-a85a-445ec0d48b36", "historyId": "e8caaaed44bc405d5e40d074e50e6cb6", "labels": [{"name": "severity", "value": "normal"}, {"name": "feature", "value": "Checking list (step)"}, {"name": "framework", "value": "behave"}, {"name": "language", "value": "cpython3"}]}