{"name": "Change count", "status": "broken", "statusDetails": {"message": "selenium.common.exceptions.TimeoutException: Message: \n\n", "trace": "  File \"c:\\users\\user\\appdata\\local\\programs\\python\\python36\\lib\\site-packages\\behave\\model.py\", line 1456, in run\n    match.run(runner.context)\n  File \"c:\\users\\user\\appdata\\local\\programs\\python\\python36\\lib\\site-packages\\behave\\model.py\", line 1903, in run\n    self.func(context, *args, **kwargs)\n  File \"step_test.py\", line 42, in step\n    EC.element_to_be_clickable((By.CLASS_NAME, text)))\n  File \"c:\\users\\user\\appdata\\local\\programs\\python\\python36\\lib\\site-packages\\selenium\\webdriver\\support\\wait.py\", line 80, in until\n    raise TimeoutException(message, screen, stacktrace)\n"}, "steps": [{"name": "Given website '/shop/vishivanki/'", "status": "passed", "start": 1518618870531, "stop": 1518618871760}, {"name": "Then scroll to '300'", "status": "passed", "start": 1518618871760, "stop": 1518618871770}, {"name": "Then page include by class 'view_count_options'", "status": "passed", "start": 1518618871770, "stop": 1518618871780}, {"name": "Then select 100 from list by name view_count", "status": "passed", "start": 1518618871780, "stop": 1518618872345}, {"name": "Then scroll to '400'", "status": "passed", "start": 1518618872345, "stop": 1518618872345}, {"name": "Then page include by class 'info_item_table2'", "status": "passed", "start": 1518618872345, "stop": 1518618872877}, {"name": "Then page include by class 'pagenav'", "status": "broken", "statusDetails": {"message": "selenium.common.exceptions.TimeoutException: Message: \n\n", "trace": "  File \"c:\\users\\user\\appdata\\local\\programs\\python\\python36\\lib\\site-packages\\behave\\model.py\", line 1456, in run\n    match.run(runner.context)\n  File \"c:\\users\\user\\appdata\\local\\programs\\python\\python36\\lib\\site-packages\\behave\\model.py\", line 1903, in run\n    self.func(context, *args, **kwargs)\n  File \"step_test.py\", line 42, in step\n    EC.element_to_be_clickable((By.CLASS_NAME, text)))\n  File \"c:\\users\\user\\appdata\\local\\programs\\python\\python36\\lib\\site-packages\\selenium\\webdriver\\support\\wait.py\", line 80, in until\n    raise TimeoutException(message, screen, stacktrace)\n"}, "start": 1518618872877, "stop": 1518618877892}, {"name": "Then page include by class 'ss-pagact'", "status": "skipped", "start": 1518618878063, "stop": 1518618878073}], "attachments": [{"name": "screenshot", "source": "24ed2d46-b5be-4c89-9601-63ff50786f8e-attachment.png", "type": "image/png"}], "parameters": [{"name": "url", "value": "/shop/vishivanki/"}, {"name": "order", "value": "100"}, {"name": "view", "value": "view_count"}], "start": 1518618870531, "stop": 1518618878073, "uuid": "def65b48-6ee2-47b3-a9e8-7a032b4c0d5d", "historyId": "77cb269622163a0006038c4df1176982", "labels": [{"name": "severity", "value": "normal"}, {"name": "feature", "value": "Checking list"}, {"name": "framework", "value": "behave"}, {"name": "language", "value": "cpython3"}]}