{"name": "Change count", "status": "broken", "statusDetails": {"message": "selenium.common.exceptions.TimeoutException: Message: \n\n", "trace": "  File \"c:\\users\\user\\appdata\\local\\programs\\python\\python36\\lib\\site-packages\\behave\\model.py\", line 1456, in run\n    match.run(runner.context)\n  File \"c:\\users\\user\\appdata\\local\\programs\\python\\python36\\lib\\site-packages\\behave\\model.py\", line 1903, in run\n    self.func(context, *args, **kwargs)\n  File \"step_test.py\", line 55, in step\n    EC.element_to_be_clickable((By.CLASS_NAME, text)))\n  File \"c:\\users\\user\\appdata\\local\\programs\\python\\python36\\lib\\site-packages\\selenium\\webdriver\\support\\wait.py\", line 80, in until\n    raise TimeoutException(message, screen, stacktrace)\n"}, "steps": [{"name": "Given website '/shop/vishivanki/'", "status": "passed", "start": 1518764706772, "stop": 1518764709274}, {"name": "Then scroll to '300'", "status": "passed", "start": 1518764709274, "stop": 1518764709296}, {"name": "Then page include by class 'view_count_options'", "status": "passed", "start": 1518764709296, "stop": 1518764709634}, {"name": "Then select Все from list by name view_count", "status": "passed", "start": 1518764709634, "stop": 1518764711778}, {"name": "Then scroll to '400'", "status": "passed", "start": 1518764711778, "stop": 1518764711778}, {"name": "Then page include by class 'info_item_table2'", "status": "passed", "start": 1518764711778, "stop": 1518764711798}, {"name": "Then page include by class 'pagenav'", "status": "broken", "statusDetails": {"message": "selenium.common.exceptions.TimeoutException: Message: \n\n", "trace": "  File \"c:\\users\\user\\appdata\\local\\programs\\python\\python36\\lib\\site-packages\\behave\\model.py\", line 1456, in run\n    match.run(runner.context)\n  File \"c:\\users\\user\\appdata\\local\\programs\\python\\python36\\lib\\site-packages\\behave\\model.py\", line 1903, in run\n    self.func(context, *args, **kwargs)\n  File \"step_test.py\", line 55, in step\n    EC.element_to_be_clickable((By.CLASS_NAME, text)))\n  File \"c:\\users\\user\\appdata\\local\\programs\\python\\python36\\lib\\site-packages\\selenium\\webdriver\\support\\wait.py\", line 80, in until\n    raise TimeoutException(message, screen, stacktrace)\n"}, "start": 1518764711798, "stop": 1518764722172}, {"name": "Then page include by class 'ss-pagact'", "status": "skipped", "start": 1518764722332, "stop": 1518764722332}], "attachments": [{"name": "screenshot", "source": "220ff68a-0c02-4ffe-92fd-020b8b747315-attachment.png", "type": "image/png"}], "parameters": [{"name": "url", "value": "/shop/vishivanki/"}, {"name": "order", "value": "Все"}, {"name": "view", "value": "view_count"}], "start": 1518764706772, "stop": 1518764722332, "uuid": "6d65f486-1e35-4650-802a-36a9478c2a74", "historyId": "38b8ab393c068f55d51c9d16508fc0e3", "labels": [{"name": "severity", "value": "normal"}, {"name": "feature", "value": "Checking list"}, {"name": "framework", "value": "behave"}, {"name": "language", "value": "cpython3"}]}