{"name": "Change count", "status": "broken", "statusDetails": {"message": "selenium.common.exceptions.TimeoutException: Message: \n\n", "trace": "  File \"c:\\users\\user\\appdata\\local\\programs\\python\\python36\\lib\\site-packages\\behave\\model.py\", line 1456, in run\n    match.run(runner.context)\n  File \"c:\\users\\user\\appdata\\local\\programs\\python\\python36\\lib\\site-packages\\behave\\model.py\", line 1903, in run\n    self.func(context, *args, **kwargs)\n  File \"step_test.py\", line 42, in step\n    EC.element_to_be_clickable((By.CLASS_NAME, text)))\n  File \"c:\\users\\user\\appdata\\local\\programs\\python\\python36\\lib\\site-packages\\selenium\\webdriver\\support\\wait.py\", line 80, in until\n    raise TimeoutException(message, screen, stacktrace)\n"}, "steps": [{"name": "Given website '/shop/vishivanki/'", "status": "passed", "start": 1518702742315, "stop": 1518702746105}, {"name": "Then scroll to '300'", "status": "passed", "start": 1518702746105, "stop": 1518702746125}, {"name": "Then page include by class 'view_count_options'", "status": "passed", "start": 1518702746125, "stop": 1518702746164}, {"name": "Then select 100 from list by name view_count", "status": "passed", "start": 1518702746164, "stop": 1518702746590}, {"name": "Then scroll to '400'", "status": "passed", "start": 1518702746590, "stop": 1518702746603}, {"name": "Then page include by class 'info_item_table2'", "status": "passed", "start": 1518702746604, "stop": 1518702749791}, {"name": "Then page include by class 'pagenav'", "status": "broken", "statusDetails": {"message": "selenium.common.exceptions.TimeoutException: Message: \n\n", "trace": "  File \"c:\\users\\user\\appdata\\local\\programs\\python\\python36\\lib\\site-packages\\behave\\model.py\", line 1456, in run\n    match.run(runner.context)\n  File \"c:\\users\\user\\appdata\\local\\programs\\python\\python36\\lib\\site-packages\\behave\\model.py\", line 1903, in run\n    self.func(context, *args, **kwargs)\n  File \"step_test.py\", line 42, in step\n    EC.element_to_be_clickable((By.CLASS_NAME, text)))\n  File \"c:\\users\\user\\appdata\\local\\programs\\python\\python36\\lib\\site-packages\\selenium\\webdriver\\support\\wait.py\", line 80, in until\n    raise TimeoutException(message, screen, stacktrace)\n"}, "start": 1518702749791, "stop": 1518702754860}, {"name": "Then page include by class 'ss-pagact'", "status": "skipped", "start": 1518702754960, "stop": 1518702754960}], "attachments": [{"name": "screenshot", "source": "c3a5ca55-92ad-447f-82b2-b64372a3b19a-attachment.png", "type": "image/png"}], "parameters": [{"name": "url", "value": "/shop/vishivanki/"}, {"name": "order", "value": "100"}, {"name": "view", "value": "view_count"}], "start": 1518702742314, "stop": 1518702754960, "uuid": "fc9cdaf2-73fc-4fc8-ae3f-f614a000b1c7", "historyId": "77cb269622163a0006038c4df1176982", "labels": [{"name": "severity", "value": "normal"}, {"name": "feature", "value": "Checking list"}, {"name": "framework", "value": "behave"}, {"name": "language", "value": "cpython3"}]}