{"name": "Try to search", "status": "broken", "statusDetails": {"message": "selenium.common.exceptions.NoSuchElementException: Message: Unable to locate element: //a[contains(text(), 'MI-000575 Карнавальная ночь')]\n\n", "trace": "  File \"c:\\users\\user\\appdata\\local\\programs\\python\\python36\\lib\\site-packages\\behave\\model.py\", line 1456, in run\n    match.run(runner.context)\n  File \"c:\\users\\user\\appdata\\local\\programs\\python\\python36\\lib\\site-packages\\behave\\model.py\", line 1903, in run\n    self.func(context, *args, **kwargs)\n  File \"step_test.py\", line 81, in step\n    \"//%s[contains(text(), '%s')]\" % (tag, text))\n  File \"c:\\users\\user\\appdata\\local\\programs\\python\\python36\\lib\\site-packages\\selenium\\webdriver\\remote\\webdriver.py\", line 855, in find_element\n    'value': value})['value']\n  File \"c:\\users\\user\\appdata\\local\\programs\\python\\python36\\lib\\site-packages\\selenium\\webdriver\\remote\\webdriver.py\", line 308, in execute\n    self.error_handler.check_response(response)\n  File \"c:\\users\\user\\appdata\\local\\programs\\python\\python36\\lib\\site-packages\\selenium\\webdriver\\remote\\errorhandler.py\", line 194, in check_response\n    raise exception_class(message, screen, stacktrace)\n"}, "steps": [{"name": "Given website '/'", "status": "passed", "start": 1518765086464, "stop": 1518765087850}, {"name": "Then clear by id 'search_input'", "status": "passed", "start": 1518765087850, "stop": 1518765087912}, {"name": "Then insert by id 'search_input' '-000575'", "status": "passed", "start": 1518765087912, "stop": 1518765087932}, {"name": "Then push on button by id 'search_submit'", "status": "passed", "start": 1518765087932, "stop": 1518765089866}, {"name": "Then page wait '3'", "status": "passed", "start": 1518765089866, "stop": 1518765092871}, {"name": "Then find element 'a' with text 'MI-000575 Карнавальная ночь'", "status": "broken", "statusDetails": {"message": "selenium.common.exceptions.NoSuchElementException: Message: Unable to locate element: //a[contains(text(), 'MI-000575 Карнавальная ночь')]\n\n", "trace": "  File \"c:\\users\\user\\appdata\\local\\programs\\python\\python36\\lib\\site-packages\\behave\\model.py\", line 1456, in run\n    match.run(runner.context)\n  File \"c:\\users\\user\\appdata\\local\\programs\\python\\python36\\lib\\site-packages\\behave\\model.py\", line 1903, in run\n    self.func(context, *args, **kwargs)\n  File \"step_test.py\", line 81, in step\n    \"//%s[contains(text(), '%s')]\" % (tag, text))\n  File \"c:\\users\\user\\appdata\\local\\programs\\python\\python36\\lib\\site-packages\\selenium\\webdriver\\remote\\webdriver.py\", line 855, in find_element\n    'value': value})['value']\n  File \"c:\\users\\user\\appdata\\local\\programs\\python\\python36\\lib\\site-packages\\selenium\\webdriver\\remote\\webdriver.py\", line 308, in execute\n    self.error_handler.check_response(response)\n  File \"c:\\users\\user\\appdata\\local\\programs\\python\\python36\\lib\\site-packages\\selenium\\webdriver\\remote\\errorhandler.py\", line 194, in check_response\n    raise exception_class(message, screen, stacktrace)\n"}, "start": 1518765092871, "stop": 1518765092871}], "attachments": [{"name": "screenshot", "source": "588619aa-c384-4bf6-893c-4413005df524-attachment.png", "type": "image/png"}], "parameters": [{"name": "text", "value": "-000575"}, {"name": "result", "value": "MI-000575 Карнавальная ночь"}], "start": 1518765086464, "stop": 1518765092981, "uuid": "c68ea9e4-18bd-486a-b73b-7646c7cc9bda", "historyId": "7e1555743fbbc80d0ce8c073e1d4b61b", "labels": [{"name": "severity", "value": "normal"}, {"name": "feature", "value": "Checking search (step)"}, {"name": "framework", "value": "behave"}, {"name": "language", "value": "cpython3"}]}