{"name": "Change count", "status": "broken", "statusDetails": {"message": "selenium.common.exceptions.TimeoutException: Message: \n\n", "trace": "  File \"c:\\users\\user\\appdata\\local\\programs\\python\\python36\\lib\\site-packages\\behave\\model.py\", line 1456, in run\n    match.run(runner.context)\n  File \"c:\\users\\user\\appdata\\local\\programs\\python\\python36\\lib\\site-packages\\behave\\model.py\", line 1903, in run\n    self.func(context, *args, **kwargs)\n  File \"step_test.py\", line 42, in step\n    EC.element_to_be_clickable((By.CLASS_NAME, text)))\n  File \"c:\\users\\user\\appdata\\local\\programs\\python\\python36\\lib\\site-packages\\selenium\\webdriver\\support\\wait.py\", line 80, in until\n    raise TimeoutException(message, screen, stacktrace)\n"}, "steps": [{"name": "Given website 'https://www.mirkrestikom.ru/shop/vishivanki/'", "status": "passed", "start": 1518611916429, "stop": 1518611921003}, {"name": "Then scroll to '300'", "status": "passed", "start": 1518611921003, "stop": 1518611921013}, {"name": "Then page include by class 'view_count_options'", "status": "passed", "start": 1518611921013, "stop": 1518611921041}, {"name": "Then select 100 from list by name view_count", "status": "passed", "start": 1518611921041, "stop": 1518611924469}, {"name": "Then scroll to '400'", "status": "passed", "start": 1518611924469, "stop": 1518611924509}, {"name": "Then page include by class 'info_item_table2'", "status": "passed", "start": 1518611924509, "stop": 1518611924690}, {"name": "Then page include by class 'pagenav'", "status": "broken", "statusDetails": {"message": "selenium.common.exceptions.TimeoutException: Message: \n\n", "trace": "  File \"c:\\users\\user\\appdata\\local\\programs\\python\\python36\\lib\\site-packages\\behave\\model.py\", line 1456, in run\n    match.run(runner.context)\n  File \"c:\\users\\user\\appdata\\local\\programs\\python\\python36\\lib\\site-packages\\behave\\model.py\", line 1903, in run\n    self.func(context, *args, **kwargs)\n  File \"step_test.py\", line 42, in step\n    EC.element_to_be_clickable((By.CLASS_NAME, text)))\n  File \"c:\\users\\user\\appdata\\local\\programs\\python\\python36\\lib\\site-packages\\selenium\\webdriver\\support\\wait.py\", line 80, in until\n    raise TimeoutException(message, screen, stacktrace)\n"}, "start": 1518611924690, "stop": 1518611929736}, {"name": "Then page include by class 'ss-pagact'", "status": "skipped", "start": 1518611929877, "stop": 1518611929877}], "attachments": [{"name": "screenshot", "source": "6cf46cc5-8111-44cb-8e6f-850ee6471d61-attachment.png", "type": "image/png"}], "parameters": [{"name": "url", "value": "https://www.mirkrestikom.ru/shop/vishivanki/"}, {"name": "order", "value": "100"}, {"name": "view", "value": "view_count"}], "start": 1518611916428, "stop": 1518611929877, "uuid": "2b71d991-6bd3-4db6-9847-af493dc4a35d", "historyId": "0f5f071422d920f90933103cb9cf7a7b", "labels": [{"name": "severity", "value": "normal"}, {"name": "feature", "value": "Checking list (step)"}, {"name": "framework", "value": "behave"}, {"name": "language", "value": "cpython3"}]}