{"name": "Change count", "status": "broken", "statusDetails": {"message": "selenium.common.exceptions.TimeoutException: Message: \n\n", "trace": "  File \"c:\\users\\user\\appdata\\local\\programs\\python\\python36\\lib\\site-packages\\behave\\model.py\", line 1456, in run\n    match.run(runner.context)\n  File \"c:\\users\\user\\appdata\\local\\programs\\python\\python36\\lib\\site-packages\\behave\\model.py\", line 1903, in run\n    self.func(context, *args, **kwargs)\n  File \"step_test.py\", line 55, in step\n    EC.element_to_be_clickable((By.CLASS_NAME, text)))\n  File \"c:\\users\\user\\appdata\\local\\programs\\python\\python36\\lib\\site-packages\\selenium\\webdriver\\support\\wait.py\", line 80, in until\n    raise TimeoutException(message, screen, stacktrace)\n"}, "steps": [{"name": "Given website '/shop/nabory-dlja-rukodelija-abstrakciya/'", "status": "passed", "start": 1518703863848, "stop": 1518703866164}, {"name": "Then scroll to '300'", "status": "passed", "start": 1518703866164, "stop": 1518703866174}, {"name": "Then page include by class 'view_count_options'", "status": "passed", "start": 1518703866174, "stop": 1518703866285}, {"name": "Then select Все from list by name view_count", "status": "passed", "start": 1518703866285, "stop": 1518703868399}, {"name": "Then scroll to '400'", "status": "passed", "start": 1518703868399, "stop": 1518703868399}, {"name": "Then page include by class 'info_item_table2'", "status": "passed", "start": 1518703868399, "stop": 1518703869356}, {"name": "Then page include by class 'pagenav'", "status": "broken", "statusDetails": {"message": "selenium.common.exceptions.TimeoutException: Message: \n\n", "trace": "  File \"c:\\users\\user\\appdata\\local\\programs\\python\\python36\\lib\\site-packages\\behave\\model.py\", line 1456, in run\n    match.run(runner.context)\n  File \"c:\\users\\user\\appdata\\local\\programs\\python\\python36\\lib\\site-packages\\behave\\model.py\", line 1903, in run\n    self.func(context, *args, **kwargs)\n  File \"step_test.py\", line 55, in step\n    EC.element_to_be_clickable((By.CLASS_NAME, text)))\n  File \"c:\\users\\user\\appdata\\local\\programs\\python\\python36\\lib\\site-packages\\selenium\\webdriver\\support\\wait.py\", line 80, in until\n    raise TimeoutException(message, screen, stacktrace)\n"}, "start": 1518703869356, "stop": 1518703879515}, {"name": "Then page include by class 'ss-pagact'", "status": "skipped", "start": 1518703879685, "stop": 1518703879685}], "attachments": [{"name": "screenshot", "source": "7c081a85-4ad3-4853-b4c0-c4793f8140ae-attachment.png", "type": "image/png"}], "parameters": [{"name": "url", "value": "/shop/nabory-dlja-rukodelija-abstrakciya/"}, {"name": "order", "value": "Все"}, {"name": "view", "value": "view_count"}], "start": 1518703863848, "stop": 1518703879685, "uuid": "1773ddba-a733-4d06-a02a-27fb63463aac", "historyId": "835bfeea9fdadcd1f36b0c265a7e2fe8", "labels": [{"name": "severity", "value": "normal"}, {"name": "feature", "value": "Checking list"}, {"name": "framework", "value": "behave"}, {"name": "language", "value": "cpython3"}]}