{"name": "Change count", "status": "broken", "statusDetails": {"message": "selenium.common.exceptions.TimeoutException: Message: \n\n", "trace": "  File \"c:\\users\\user\\appdata\\local\\programs\\python\\python36\\lib\\site-packages\\behave\\model.py\", line 1456, in run\n    match.run(runner.context)\n  File \"c:\\users\\user\\appdata\\local\\programs\\python\\python36\\lib\\site-packages\\behave\\model.py\", line 1903, in run\n    self.func(context, *args, **kwargs)\n  File \"step_test.py\", line 55, in step\n    EC.element_to_be_clickable((By.CLASS_NAME, text)))\n  File \"c:\\users\\user\\appdata\\local\\programs\\python\\python36\\lib\\site-packages\\selenium\\webdriver\\support\\wait.py\", line 80, in until\n    raise TimeoutException(message, screen, stacktrace)\n"}, "steps": [{"name": "Given website '/shop/nabory-dlja-rukodelija-abstrakciya/'", "status": "passed", "start": 1519197101730, "stop": 1519197107313}, {"name": "Then scroll to '300'", "status": "passed", "start": 1519197107313, "stop": 1519197107335}, {"name": "Then page include by class 'view_count_options'", "status": "passed", "start": 1519197107336, "stop": 1519197107385}, {"name": "Then select Все from list by name view_count", "status": "passed", "start": 1519197107385, "stop": 1519197107749}, {"name": "Then scroll to '400'", "status": "passed", "start": 1519197107749, "stop": 1519197107749}, {"name": "Then page include by class 'info_item_table2'", "status": "passed", "start": 1519197107749, "stop": 1519197110775}, {"name": "Then page include by class 'pagenav'", "status": "broken", "statusDetails": {"message": "selenium.common.exceptions.TimeoutException: Message: \n\n", "trace": "  File \"c:\\users\\user\\appdata\\local\\programs\\python\\python36\\lib\\site-packages\\behave\\model.py\", line 1456, in run\n    match.run(runner.context)\n  File \"c:\\users\\user\\appdata\\local\\programs\\python\\python36\\lib\\site-packages\\behave\\model.py\", line 1903, in run\n    self.func(context, *args, **kwargs)\n  File \"step_test.py\", line 55, in step\n    EC.element_to_be_clickable((By.CLASS_NAME, text)))\n  File \"c:\\users\\user\\appdata\\local\\programs\\python\\python36\\lib\\site-packages\\selenium\\webdriver\\support\\wait.py\", line 80, in until\n    raise TimeoutException(message, screen, stacktrace)\n"}, "start": 1519197110775, "stop": 1519197120814}, {"name": "Then page include by class 'ss-pagact'", "status": "skipped", "start": 1519197120924, "stop": 1519197120924}], "attachments": [{"name": "screenshot", "source": "8802d19d-6e89-4ec1-b144-058b5314a9ac-attachment.png", "type": "image/png"}], "parameters": [{"name": "url", "value": "/shop/nabory-dlja-rukodelija-abstrakciya/"}, {"name": "order", "value": "Все"}, {"name": "view", "value": "view_count"}], "start": 1519197101730, "stop": 1519197120924, "uuid": "bf0629fc-4494-4985-abed-bb1623a3b115", "historyId": "835bfeea9fdadcd1f36b0c265a7e2fe8", "labels": [{"name": "severity", "value": "normal"}, {"name": "feature", "value": "Checking list"}, {"name": "framework", "value": "behave"}, {"name": "language", "value": "cpython3"}]}