{"name": "Change count", "status": "broken", "statusDetails": {"message": "selenium.common.exceptions.TimeoutException: Message: \n\n", "trace": "  File \"c:\\users\\user\\appdata\\local\\programs\\python\\python36\\lib\\site-packages\\behave\\model.py\", line 1456, in run\n    match.run(runner.context)\n  File \"c:\\users\\user\\appdata\\local\\programs\\python\\python36\\lib\\site-packages\\behave\\model.py\", line 1903, in run\n    self.func(context, *args, **kwargs)\n  File \"step_test.py\", line 42, in step\n    EC.element_to_be_clickable((By.CLASS_NAME, text)))\n  File \"c:\\users\\user\\appdata\\local\\programs\\python\\python36\\lib\\site-packages\\selenium\\webdriver\\support\\wait.py\", line 80, in until\n    raise TimeoutException(message, screen, stacktrace)\n"}, "steps": [{"name": "Given website '/shop/vishivanki/'", "status": "passed", "start": 1518617174095, "stop": 1518617176954}, {"name": "Then scroll to '300'", "status": "passed", "start": 1518617176954, "stop": 1518617176967}, {"name": "Then page include by class 'view_count_options'", "status": "passed", "start": 1518617176967, "stop": 1518617177025}, {"name": "Then select Все from list by name view_count", "status": "passed", "start": 1518617177025, "stop": 1518617177455}, {"name": "Then scroll to '400'", "status": "passed", "start": 1518617177455, "stop": 1518617177455}, {"name": "Then page include by class 'info_item_table2'", "status": "passed", "start": 1518617177455, "stop": 1518617178660}, {"name": "Then page include by class 'pagenav'", "status": "broken", "statusDetails": {"message": "selenium.common.exceptions.TimeoutException: Message: \n\n", "trace": "  File \"c:\\users\\user\\appdata\\local\\programs\\python\\python36\\lib\\site-packages\\behave\\model.py\", line 1456, in run\n    match.run(runner.context)\n  File \"c:\\users\\user\\appdata\\local\\programs\\python\\python36\\lib\\site-packages\\behave\\model.py\", line 1903, in run\n    self.func(context, *args, **kwargs)\n  File \"step_test.py\", line 42, in step\n    EC.element_to_be_clickable((By.CLASS_NAME, text)))\n  File \"c:\\users\\user\\appdata\\local\\programs\\python\\python36\\lib\\site-packages\\selenium\\webdriver\\support\\wait.py\", line 80, in until\n    raise TimeoutException(message, screen, stacktrace)\n"}, "start": 1518617178661, "stop": 1518617183725}, {"name": "Then page include by class 'ss-pagact'", "status": "skipped", "start": 1518617183815, "stop": 1518617183815}], "attachments": [{"name": "screenshot", "source": "6eb1e73b-dd10-46f6-a9a8-4361ea7ffde2-attachment.png", "type": "image/png"}], "parameters": [{"name": "url", "value": "/shop/vishivanki/"}, {"name": "order", "value": "Все"}, {"name": "view", "value": "view_count"}], "start": 1518617174095, "stop": 1518617183815, "uuid": "6d6103d2-ab5b-4f7f-96bf-0d4488b42558", "historyId": "38b8ab393c068f55d51c9d16508fc0e3", "labels": [{"name": "severity", "value": "normal"}, {"name": "feature", "value": "Checking list"}, {"name": "framework", "value": "behave"}, {"name": "language", "value": "cpython3"}]}