{"name": "Change count", "status": "broken", "statusDetails": {"message": "selenium.common.exceptions.TimeoutException: Message: \n\n", "trace": "  File \"c:\\users\\user\\appdata\\local\\programs\\python\\python36\\lib\\site-packages\\behave\\model.py\", line 1456, in run\n    match.run(runner.context)\n  File \"c:\\users\\user\\appdata\\local\\programs\\python\\python36\\lib\\site-packages\\behave\\model.py\", line 1903, in run\n    self.func(context, *args, **kwargs)\n  File \"step_test.py\", line 42, in step\n    EC.element_to_be_clickable((By.CLASS_NAME, text)))\n  File \"c:\\users\\user\\appdata\\local\\programs\\python\\python36\\lib\\site-packages\\selenium\\webdriver\\support\\wait.py\", line 80, in until\n    raise TimeoutException(message, screen, stacktrace)\n"}, "steps": [{"name": "Given website 'https://www.mirkrestikom.ru/shop/vishivanki/'", "status": "passed", "start": 1518615074810, "stop": 1518615079124}, {"name": "Then scroll to '300'", "status": "passed", "start": 1518615079124, "stop": 1518615079150}, {"name": "Then page include by class 'view_count_options'", "status": "passed", "start": 1518615079151, "stop": 1518615079192}, {"name": "Then select Все from list by name view_count", "status": "passed", "start": 1518615079192, "stop": 1518615079628}, {"name": "Then scroll to '400'", "status": "passed", "start": 1518615079628, "stop": 1518615079628}, {"name": "Then page include by class 'info_item_table2'", "status": "passed", "start": 1518615079628, "stop": 1518615080954}, {"name": "Then page include by class 'pagenav'", "status": "broken", "statusDetails": {"message": "selenium.common.exceptions.TimeoutException: Message: \n\n", "trace": "  File \"c:\\users\\user\\appdata\\local\\programs\\python\\python36\\lib\\site-packages\\behave\\model.py\", line 1456, in run\n    match.run(runner.context)\n  File \"c:\\users\\user\\appdata\\local\\programs\\python\\python36\\lib\\site-packages\\behave\\model.py\", line 1903, in run\n    self.func(context, *args, **kwargs)\n  File \"step_test.py\", line 42, in step\n    EC.element_to_be_clickable((By.CLASS_NAME, text)))\n  File \"c:\\users\\user\\appdata\\local\\programs\\python\\python36\\lib\\site-packages\\selenium\\webdriver\\support\\wait.py\", line 80, in until\n    raise TimeoutException(message, screen, stacktrace)\n"}, "start": 1518615080954, "stop": 1518615085977}, {"name": "Then page include by class 'ss-pagact'", "status": "skipped", "start": 1518615086077, "stop": 1518615086077}], "attachments": [{"name": "screenshot", "source": "c74268bf-252a-4a45-919f-1584306bbb28-attachment.png", "type": "image/png"}], "parameters": [{"name": "url", "value": "https://www.mirkrestikom.ru/shop/vishivanki/"}, {"name": "order", "value": "Все"}, {"name": "view", "value": "view_count"}], "start": 1518615074810, "stop": 1518615086077, "uuid": "0fc07f9e-78a8-4ca0-b24d-101c0dc98419", "historyId": "2e098ed451bb39097b107fd7d4d1d2c3", "labels": [{"name": "severity", "value": "normal"}, {"name": "feature", "value": "Checking list (step)"}, {"name": "framework", "value": "behave"}, {"name": "language", "value": "cpython3"}]}