{"name": "Change count", "status": "broken", "statusDetails": {"message": "selenium.common.exceptions.TimeoutException: Message: \n\n", "trace": "  File \"c:\\users\\user\\appdata\\local\\programs\\python\\python36\\lib\\site-packages\\behave\\model.py\", line 1456, in run\n    match.run(runner.context)\n  File \"c:\\users\\user\\appdata\\local\\programs\\python\\python36\\lib\\site-packages\\behave\\model.py\", line 1903, in run\n    self.func(context, *args, **kwargs)\n  File \"step_test.py\", line 55, in step\n    EC.element_to_be_clickable((By.CLASS_NAME, text)))\n  File \"c:\\users\\user\\appdata\\local\\programs\\python\\python36\\lib\\site-packages\\selenium\\webdriver\\support\\wait.py\", line 80, in until\n    raise TimeoutException(message, screen, stacktrace)\n"}, "steps": [{"name": "Given website '/shop/vishivanki/'", "status": "passed", "start": 1518703973055, "stop": 1518703975807}, {"name": "Then scroll to '300'", "status": "passed", "start": 1518703975807, "stop": 1518703975817}, {"name": "Then page include by class 'view_count_options'", "status": "passed", "start": 1518703975817, "stop": 1518703975859}, {"name": "Then select 100 from list by name view_count", "status": "passed", "start": 1518703975859, "stop": 1518703977653}, {"name": "Then scroll to '400'", "status": "passed", "start": 1518703977653, "stop": 1518703977661}, {"name": "Then page include by class 'info_item_table2'", "status": "passed", "start": 1518703977661, "stop": 1518703977748}, {"name": "Then page include by class 'pagenav'", "status": "broken", "statusDetails": {"message": "selenium.common.exceptions.TimeoutException: Message: \n\n", "trace": "  File \"c:\\users\\user\\appdata\\local\\programs\\python\\python36\\lib\\site-packages\\behave\\model.py\", line 1456, in run\n    match.run(runner.context)\n  File \"c:\\users\\user\\appdata\\local\\programs\\python\\python36\\lib\\site-packages\\behave\\model.py\", line 1903, in run\n    self.func(context, *args, **kwargs)\n  File \"step_test.py\", line 55, in step\n    EC.element_to_be_clickable((By.CLASS_NAME, text)))\n  File \"c:\\users\\user\\appdata\\local\\programs\\python\\python36\\lib\\site-packages\\selenium\\webdriver\\support\\wait.py\", line 80, in until\n    raise TimeoutException(message, screen, stacktrace)\n"}, "start": 1518703977748, "stop": 1518703987880}, {"name": "Then page include by class 'ss-pagact'", "status": "skipped", "start": 1518703989895, "stop": 1518703989895}], "attachments": [{"name": "screenshot", "source": "d3accbaf-5574-4853-9d91-d0e1a6eaa0d8-attachment.png", "type": "image/png"}], "parameters": [{"name": "url", "value": "/shop/vishivanki/"}, {"name": "order", "value": "100"}, {"name": "view", "value": "view_count"}], "start": 1518703973054, "stop": 1518703989896, "uuid": "0949ce1c-72d4-45cf-b3eb-adf6ee7a6e57", "historyId": "77cb269622163a0006038c4df1176982", "labels": [{"name": "severity", "value": "normal"}, {"name": "feature", "value": "Checking list"}, {"name": "framework", "value": "behave"}, {"name": "language", "value": "cpython3"}]}