{"name": "Try to search", "status": "broken", "statusDetails": {"message": "selenium.common.exceptions.NoSuchElementException: Message: Unable to locate element: //a[contains(text(), 'MI-000575 Карнавальная ночь')]\n\n", "trace": "  File \"c:\\users\\user\\appdata\\local\\programs\\python\\python36\\lib\\site-packages\\behave\\model.py\", line 1456, in run\n    match.run(runner.context)\n  File \"c:\\users\\user\\appdata\\local\\programs\\python\\python36\\lib\\site-packages\\behave\\model.py\", line 1903, in run\n    self.func(context, *args, **kwargs)\n  File \"step_test.py\", line 81, in step\n    \"//%s[contains(text(), '%s')]\" % (tag, text))\n  File \"c:\\users\\user\\appdata\\local\\programs\\python\\python36\\lib\\site-packages\\selenium\\webdriver\\remote\\webdriver.py\", line 855, in find_element\n    'value': value})['value']\n  File \"c:\\users\\user\\appdata\\local\\programs\\python\\python36\\lib\\site-packages\\selenium\\webdriver\\remote\\webdriver.py\", line 308, in execute\n    self.error_handler.check_response(response)\n  File \"c:\\users\\user\\appdata\\local\\programs\\python\\python36\\lib\\site-packages\\selenium\\webdriver\\remote\\errorhandler.py\", line 194, in check_response\n    raise exception_class(message, screen, stacktrace)\n"}, "steps": [{"name": "Given website '/'", "status": "passed", "start": 1519024890550, "stop": 1519024892209}, {"name": "Then clear by id 'search_input'", "status": "passed", "start": 1519024892209, "stop": 1519024892298}, {"name": "Then insert by id 'search_input' '-000575'", "status": "passed", "start": 1519024892298, "stop": 1519024892394}, {"name": "Then push on button by id 'search_submit'", "status": "passed", "start": 1519024892394, "stop": 1519024895171}, {"name": "Then page wait '3'", "status": "passed", "start": 1519024895172, "stop": 1519024898172}, {"name": "Then find element 'a' with text 'MI-000575 Карнавальная ночь'", "status": "broken", "statusDetails": {"message": "selenium.common.exceptions.NoSuchElementException: Message: Unable to locate element: //a[contains(text(), 'MI-000575 Карнавальная ночь')]\n\n", "trace": "  File \"c:\\users\\user\\appdata\\local\\programs\\python\\python36\\lib\\site-packages\\behave\\model.py\", line 1456, in run\n    match.run(runner.context)\n  File \"c:\\users\\user\\appdata\\local\\programs\\python\\python36\\lib\\site-packages\\behave\\model.py\", line 1903, in run\n    self.func(context, *args, **kwargs)\n  File \"step_test.py\", line 81, in step\n    \"//%s[contains(text(), '%s')]\" % (tag, text))\n  File \"c:\\users\\user\\appdata\\local\\programs\\python\\python36\\lib\\site-packages\\selenium\\webdriver\\remote\\webdriver.py\", line 855, in find_element\n    'value': value})['value']\n  File \"c:\\users\\user\\appdata\\local\\programs\\python\\python36\\lib\\site-packages\\selenium\\webdriver\\remote\\webdriver.py\", line 308, in execute\n    self.error_handler.check_response(response)\n  File \"c:\\users\\user\\appdata\\local\\programs\\python\\python36\\lib\\site-packages\\selenium\\webdriver\\remote\\errorhandler.py\", line 194, in check_response\n    raise exception_class(message, screen, stacktrace)\n"}, "start": 1519024898172, "stop": 1519024898178}], "attachments": [{"name": "screenshot", "source": "d567ec13-32b1-4361-8371-bc1939450e5d-attachment.png", "type": "image/png"}], "parameters": [{"name": "text", "value": "-000575"}, {"name": "result", "value": "MI-000575 Карнавальная ночь"}], "start": 1519024890549, "stop": 1519024898251, "uuid": "6ec9b721-f65b-44ed-9cd1-cdc5e1c92c7f", "historyId": "7e1555743fbbc80d0ce8c073e1d4b61b", "labels": [{"name": "severity", "value": "normal"}, {"name": "feature", "value": "Checking search (step)"}, {"name": "framework", "value": "behave"}, {"name": "language", "value": "cpython3"}]}