{"name": "Blenders", "status": "broken", "statusDetails": {"message": "selenium.common.exceptions.TimeoutException: Message: \n\n", "trace": "  File \"c:\\users\\user\\appdata\\local\\programs\\python\\python36\\lib\\site-packages\\behave\\model.py\", line 1456, in run\n    match.run(runner.context)\n  File \"c:\\users\\user\\appdata\\local\\programs\\python\\python36\\lib\\site-packages\\behave\\model.py\", line 1903, in run\n    self.func(context, *args, **kwargs)\n  File \"step_test.py\", line 47, in step\n    EC.element_to_be_clickable((By.CLASS_NAME, text)))\n  File \"c:\\users\\user\\appdata\\local\\programs\\python\\python36\\lib\\site-packages\\selenium\\webdriver\\support\\wait.py\", line 80, in until\n    raise TimeoutException(message, screen, stacktrace)\n"}, "steps": [{"name": "Given websites https://www.mirkrestikom.ru/shop/nabory-dlja-rukodelija-abstrakciya/", "status": "passed", "start": 1518520241251, "stop": 1518520245996}, {"name": "Then scroll to '300'", "status": "passed", "start": 1518520245996, "stop": 1518520246008}, {"name": "Then page include by class 'view_count_options'", "status": "passed", "start": 1518520246008, "stop": 1518520246039}, {"name": "Then select Все from list by name view_count", "status": "passed", "start": 1518520246039, "stop": 1518520246420}, {"name": "Then scroll to '400'", "status": "passed", "start": 1518520246420, "stop": 1518520246428}, {"name": "Then page include by class 'info_item_table2'", "status": "passed", "start": 1518520246428, "stop": 1518520249440}, {"name": "Then page include by class 'pagenav'", "status": "broken", "statusDetails": {"message": "selenium.common.exceptions.TimeoutException: Message: \n\n", "trace": "  File \"c:\\users\\user\\appdata\\local\\programs\\python\\python36\\lib\\site-packages\\behave\\model.py\", line 1456, in run\n    match.run(runner.context)\n  File \"c:\\users\\user\\appdata\\local\\programs\\python\\python36\\lib\\site-packages\\behave\\model.py\", line 1903, in run\n    self.func(context, *args, **kwargs)\n  File \"step_test.py\", line 47, in step\n    EC.element_to_be_clickable((By.CLASS_NAME, text)))\n  File \"c:\\users\\user\\appdata\\local\\programs\\python\\python36\\lib\\site-packages\\selenium\\webdriver\\support\\wait.py\", line 80, in until\n    raise TimeoutException(message, screen, stacktrace)\n"}, "start": 1518520249440, "stop": 1518520254493}, {"name": "Then page include by class 'ss-pagact'", "status": "skipped", "start": 1518520254624, "stop": 1518520254624}], "attachments": [{"name": "screenshot", "source": "75120401-0810-4d73-a769-34aebeb7ee0c-attachment.png", "type": "image/png"}], "parameters": [{"name": "url", "value": "https://www.mirkrestikom.ru/shop/nabory-dlja-rukodelija-abstrakciya/"}, {"name": "order", "value": "Все"}, {"name": "view", "value": "view_count"}], "start": 1518520241250, "stop": 1518520254625, "uuid": "486dd469-1738-4bed-bed5-de62ec9a1701", "historyId": "db4af3c2b5a41a268ff8a72044f88711", "labels": [{"name": "severity", "value": "normal"}, {"name": "feature", "value": "Checking list (step)"}, {"name": "framework", "value": "behave"}, {"name": "language", "value": "cpython3"}]}