{"name": "Blenders", "status": "broken", "statusDetails": {"message": "selenium.common.exceptions.NoSuchElementException: Message: Unable to locate element: .pagenav\n\n", "trace": "  File \"c:\\users\\user\\appdata\\local\\programs\\python\\python36\\lib\\site-packages\\behave\\model.py\", line 1456, in run\n    match.run(runner.context)\n  File \"c:\\users\\user\\appdata\\local\\programs\\python\\python36\\lib\\site-packages\\behave\\model.py\", line 1903, in run\n    self.func(context, *args, **kwargs)\n  File \"step_test.py\", line 45, in step\n    context.browser.find_element_by_class_name(text)\n  File \"c:\\users\\user\\appdata\\local\\programs\\python\\python36\\lib\\site-packages\\selenium\\webdriver\\remote\\webdriver.py\", line 485, in find_element_by_class_name\n    return self.find_element(by=By.CLASS_NAME, value=name)\n  File \"c:\\users\\user\\appdata\\local\\programs\\python\\python36\\lib\\site-packages\\selenium\\webdriver\\remote\\webdriver.py\", line 855, in find_element\n    'value': value})['value']\n  File \"c:\\users\\user\\appdata\\local\\programs\\python\\python36\\lib\\site-packages\\selenium\\webdriver\\remote\\webdriver.py\", line 308, in execute\n    self.error_handler.check_response(response)\n  File \"c:\\users\\user\\appdata\\local\\programs\\python\\python36\\lib\\site-packages\\selenium\\webdriver\\remote\\errorhandler.py\", line 194, in check_response\n    raise exception_class(message, screen, stacktrace)\n"}, "steps": [{"name": "Given websites https://www.mirkrestikom.ru/shop/nabori-dlya-vishivaniya-alisena/", "status": "passed", "start": 1518158297413, "stop": 1518158300162}, {"name": "Then scroll to '300'", "status": "passed", "start": 1518158300162, "stop": 1518158300178}, {"name": "Then page include by class 'view_count_options'", "status": "passed", "start": 1518158300178, "stop": 1518158300209}, {"name": "Then select Все from list by name view_count", "status": "passed", "start": 1518158300209, "stop": 1518158300662}, {"name": "Then scroll to '400'", "status": "passed", "start": 1518158300662, "stop": 1518158300693}, {"name": "Then page wait '3'", "status": "passed", "start": 1518158300693, "stop": 1518158303706}, {"name": "Then page include by class 'info_item_table2'", "status": "passed", "start": 1518158303706, "stop": 1518158303799}, {"name": "Then page include by class 'pagenav'", "status": "broken", "statusDetails": {"message": "selenium.common.exceptions.NoSuchElementException: Message: Unable to locate element: .pagenav\n\n", "trace": "  File \"c:\\users\\user\\appdata\\local\\programs\\python\\python36\\lib\\site-packages\\behave\\model.py\", line 1456, in run\n    match.run(runner.context)\n  File \"c:\\users\\user\\appdata\\local\\programs\\python\\python36\\lib\\site-packages\\behave\\model.py\", line 1903, in run\n    self.func(context, *args, **kwargs)\n  File \"step_test.py\", line 45, in step\n    context.browser.find_element_by_class_name(text)\n  File \"c:\\users\\user\\appdata\\local\\programs\\python\\python36\\lib\\site-packages\\selenium\\webdriver\\remote\\webdriver.py\", line 485, in find_element_by_class_name\n    return self.find_element(by=By.CLASS_NAME, value=name)\n  File \"c:\\users\\user\\appdata\\local\\programs\\python\\python36\\lib\\site-packages\\selenium\\webdriver\\remote\\webdriver.py\", line 855, in find_element\n    'value': value})['value']\n  File \"c:\\users\\user\\appdata\\local\\programs\\python\\python36\\lib\\site-packages\\selenium\\webdriver\\remote\\webdriver.py\", line 308, in execute\n    self.error_handler.check_response(response)\n  File \"c:\\users\\user\\appdata\\local\\programs\\python\\python36\\lib\\site-packages\\selenium\\webdriver\\remote\\errorhandler.py\", line 194, in check_response\n    raise exception_class(message, screen, stacktrace)\n"}, "start": 1518158303799, "stop": 1518158303862}, {"name": "Then page include by class 'ss-pagact'", "status": "skipped", "start": 1518158304049, "stop": 1518158304049}], "attachments": [{"name": "screenshot", "source": "4c0f9b89-1aff-40aa-b082-b60ecd284f27-attachment.png", "type": "image/png"}], "parameters": [{"name": "url", "value": "https://www.mirkrestikom.ru/shop/nabori-dlya-vishivaniya-alisena/"}, {"name": "order", "value": "Все"}, {"name": "view", "value": "view_count"}], "start": 1518158297413, "stop": 1518158304049, "uuid": "22768fe4-f51c-414e-8ccb-42d327ce47d1", "historyId": "f5fb984e8e465553380d11543bbf4199", "labels": [{"name": "severity", "value": "normal"}, {"name": "feature", "value": "Checking list (step)"}, {"name": "framework", "value": "behave"}, {"name": "language", "value": "cpython3"}]}