{"name": "Change count", "status": "broken", "statusDetails": {"message": "selenium.common.exceptions.TimeoutException: Message: \n\n", "trace": "  File \"c:\\users\\user\\appdata\\local\\programs\\python\\python36\\lib\\site-packages\\behave\\model.py\", line 1456, in run\n    match.run(runner.context)\n  File \"c:\\users\\user\\appdata\\local\\programs\\python\\python36\\lib\\site-packages\\behave\\model.py\", line 1903, in run\n    self.func(context, *args, **kwargs)\n  File \"step_test.py\", line 55, in step\n    EC.element_to_be_clickable((By.CLASS_NAME, text)))\n  File \"c:\\users\\user\\appdata\\local\\programs\\python\\python36\\lib\\site-packages\\selenium\\webdriver\\support\\wait.py\", line 80, in until\n    raise TimeoutException(message, screen, stacktrace)\n"}, "steps": [{"name": "Given website '/shop/nabory-dlja-rukodelija-abstrakciya/'", "status": "passed", "start": 1518705890388, "stop": 1518705894503}, {"name": "Then scroll to '300'", "status": "passed", "start": 1518705894503, "stop": 1518705894513}, {"name": "Then page include by class 'view_count_options'", "status": "passed", "start": 1518705894513, "stop": 1518705894543}, {"name": "Then select Все from list by name view_count", "status": "passed", "start": 1518705894543, "stop": 1518705896760}, {"name": "Then scroll to '400'", "status": "passed", "start": 1518705896760, "stop": 1518705896760}, {"name": "Then page include by class 'info_item_table2'", "status": "passed", "start": 1518705896760, "stop": 1518705897921}, {"name": "Then page include by class 'pagenav'", "status": "broken", "statusDetails": {"message": "selenium.common.exceptions.TimeoutException: Message: \n\n", "trace": "  File \"c:\\users\\user\\appdata\\local\\programs\\python\\python36\\lib\\site-packages\\behave\\model.py\", line 1456, in run\n    match.run(runner.context)\n  File \"c:\\users\\user\\appdata\\local\\programs\\python\\python36\\lib\\site-packages\\behave\\model.py\", line 1903, in run\n    self.func(context, *args, **kwargs)\n  File \"step_test.py\", line 55, in step\n    EC.element_to_be_clickable((By.CLASS_NAME, text)))\n  File \"c:\\users\\user\\appdata\\local\\programs\\python\\python36\\lib\\site-packages\\selenium\\webdriver\\support\\wait.py\", line 80, in until\n    raise TimeoutException(message, screen, stacktrace)\n"}, "start": 1518705897922, "stop": 1518705908228}, {"name": "Then page include by class 'ss-pagact'", "status": "skipped", "start": 1518705908408, "stop": 1518705908408}], "attachments": [{"name": "screenshot", "source": "58243df5-2be7-4a5e-95e6-ed1916196261-attachment.png", "type": "image/png"}], "parameters": [{"name": "url", "value": "/shop/nabory-dlja-rukodelija-abstrakciya/"}, {"name": "order", "value": "Все"}, {"name": "view", "value": "view_count"}], "start": 1518705890388, "stop": 1518705908408, "uuid": "429855e8-4f34-4d06-814e-b3622014a0f7", "historyId": "835bfeea9fdadcd1f36b0c265a7e2fe8", "labels": [{"name": "severity", "value": "normal"}, {"name": "feature", "value": "Checking list"}, {"name": "framework", "value": "behave"}, {"name": "language", "value": "cpython3"}]}