{"name": "Change count", "status": "broken", "statusDetails": {"message": "selenium.common.exceptions.TimeoutException: Message: \n\n", "trace": "  File \"c:\\users\\user\\appdata\\local\\programs\\python\\python36\\lib\\site-packages\\behave\\model.py\", line 1456, in run\n    match.run(runner.context)\n  File \"c:\\users\\user\\appdata\\local\\programs\\python\\python36\\lib\\site-packages\\behave\\model.py\", line 1903, in run\n    self.func(context, *args, **kwargs)\n  File \"step_test.py\", line 42, in step\n    EC.element_to_be_clickable((By.CLASS_NAME, text)))\n  File \"c:\\users\\user\\appdata\\local\\programs\\python\\python36\\lib\\site-packages\\selenium\\webdriver\\support\\wait.py\", line 80, in until\n    raise TimeoutException(message, screen, stacktrace)\n"}, "steps": [{"name": "Given website 'https://www.mirkrestikom.ru/shop/vishivanki/'", "status": "passed", "start": 1518611899532, "stop": 1518611901047}, {"name": "Then scroll to '300'", "status": "passed", "start": 1518611901047, "stop": 1518611901067}, {"name": "Then page include by class 'view_count_options'", "status": "passed", "start": 1518611901067, "stop": 1518611901077}, {"name": "Then select Все from list by name view_count", "status": "passed", "start": 1518611901077, "stop": 1518611903613}, {"name": "Then scroll to '400'", "status": "passed", "start": 1518611903613, "stop": 1518611903613}, {"name": "Then page include by class 'info_item_table2'", "status": "passed", "start": 1518611903613, "stop": 1518611903633}, {"name": "Then page include by class 'pagenav'", "status": "broken", "statusDetails": {"message": "selenium.common.exceptions.TimeoutException: Message: \n\n", "trace": "  File \"c:\\users\\user\\appdata\\local\\programs\\python\\python36\\lib\\site-packages\\behave\\model.py\", line 1456, in run\n    match.run(runner.context)\n  File \"c:\\users\\user\\appdata\\local\\programs\\python\\python36\\lib\\site-packages\\behave\\model.py\", line 1903, in run\n    self.func(context, *args, **kwargs)\n  File \"step_test.py\", line 42, in step\n    EC.element_to_be_clickable((By.CLASS_NAME, text)))\n  File \"c:\\users\\user\\appdata\\local\\programs\\python\\python36\\lib\\site-packages\\selenium\\webdriver\\support\\wait.py\", line 80, in until\n    raise TimeoutException(message, screen, stacktrace)\n"}, "start": 1518611903633, "stop": 1518611908635}, {"name": "Then page include by class 'ss-pagact'", "status": "skipped", "start": 1518611908816, "stop": 1518611908816}], "attachments": [{"name": "screenshot", "source": "2cf28ca3-705d-4ba9-beb8-2926e02b6ec3-attachment.png", "type": "image/png"}], "parameters": [{"name": "url", "value": "https://www.mirkrestikom.ru/shop/vishivanki/"}, {"name": "order", "value": "Все"}, {"name": "view", "value": "view_count"}], "start": 1518611899532, "stop": 1518611908816, "uuid": "eb4f3dc0-2924-4e3b-bbf4-5a20306ee2aa", "historyId": "2e098ed451bb39097b107fd7d4d1d2c3", "labels": [{"name": "severity", "value": "normal"}, {"name": "feature", "value": "Checking list (step)"}, {"name": "framework", "value": "behave"}, {"name": "language", "value": "cpython3"}]}