{"name": "Change count", "status": "broken", "statusDetails": {"message": "selenium.common.exceptions.TimeoutException: Message: \n\n", "trace": "  File \"c:\\users\\user\\appdata\\local\\programs\\python\\python36\\lib\\site-packages\\behave\\model.py\", line 1456, in run\n    match.run(runner.context)\n  File \"c:\\users\\user\\appdata\\local\\programs\\python\\python36\\lib\\site-packages\\behave\\model.py\", line 1903, in run\n    self.func(context, *args, **kwargs)\n  File \"step_test.py\", line 42, in step\n    EC.element_to_be_clickable((By.CLASS_NAME, text)))\n  File \"c:\\users\\user\\appdata\\local\\programs\\python\\python36\\lib\\site-packages\\selenium\\webdriver\\support\\wait.py\", line 80, in until\n    raise TimeoutException(message, screen, stacktrace)\n"}, "steps": [{"name": "Given website 'https://www.mirkrestikom.ru/shop/nabory-dlja-rukodelija-abstrakciya/'", "status": "passed", "start": 1518611820875, "stop": 1518611822760}, {"name": "Then scroll to '300'", "status": "passed", "start": 1518611822760, "stop": 1518611822770}, {"name": "Then page include by class 'view_count_options'", "status": "passed", "start": 1518611822770, "stop": 1518611822840}, {"name": "Then select Все from list by name view_count", "status": "passed", "start": 1518611822840, "stop": 1518611823402}, {"name": "Then scroll to '400'", "status": "passed", "start": 1518611823402, "stop": 1518611823402}, {"name": "Then page include by class 'info_item_table2'", "status": "passed", "start": 1518611823402, "stop": 1518611826426}, {"name": "Then page include by class 'pagenav'", "status": "broken", "statusDetails": {"message": "selenium.common.exceptions.TimeoutException: Message: \n\n", "trace": "  File \"c:\\users\\user\\appdata\\local\\programs\\python\\python36\\lib\\site-packages\\behave\\model.py\", line 1456, in run\n    match.run(runner.context)\n  File \"c:\\users\\user\\appdata\\local\\programs\\python\\python36\\lib\\site-packages\\behave\\model.py\", line 1903, in run\n    self.func(context, *args, **kwargs)\n  File \"step_test.py\", line 42, in step\n    EC.element_to_be_clickable((By.CLASS_NAME, text)))\n  File \"c:\\users\\user\\appdata\\local\\programs\\python\\python36\\lib\\site-packages\\selenium\\webdriver\\support\\wait.py\", line 80, in until\n    raise TimeoutException(message, screen, stacktrace)\n"}, "start": 1518611826426, "stop": 1518611831474}, {"name": "Then page include by class 'ss-pagact'", "status": "skipped", "start": 1518611831684, "stop": 1518611831684}], "attachments": [{"name": "screenshot", "source": "d8e4aa34-bfcf-4e6f-a332-7b3071a5cde5-attachment.png", "type": "image/png"}], "parameters": [{"name": "url", "value": "https://www.mirkrestikom.ru/shop/nabory-dlja-rukodelija-abstrakciya/"}, {"name": "order", "value": "Все"}, {"name": "view", "value": "view_count"}], "start": 1518611820875, "stop": 1518611831684, "uuid": "29fe8fdc-ded1-4bdc-9437-548d18c7b536", "historyId": "e8caaaed44bc405d5e40d074e50e6cb6", "labels": [{"name": "severity", "value": "normal"}, {"name": "feature", "value": "Checking list (step)"}, {"name": "framework", "value": "behave"}, {"name": "language", "value": "cpython3"}]}