{"name": "Blenders", "status": "broken", "statusDetails": {"message": "selenium.common.exceptions.TimeoutException: Message: \n\n", "trace": "  File \"c:\\users\\user\\appdata\\local\\programs\\python\\python36\\lib\\site-packages\\behave\\model.py\", line 1456, in run\n    match.run(runner.context)\n  File \"c:\\users\\user\\appdata\\local\\programs\\python\\python36\\lib\\site-packages\\behave\\model.py\", line 1903, in run\n    self.func(context, *args, **kwargs)\n  File \"step_test.py\", line 47, in step\n    EC.element_to_be_clickable((By.CLASS_NAME, text)))\n  File \"c:\\users\\user\\appdata\\local\\programs\\python\\python36\\lib\\site-packages\\selenium\\webdriver\\support\\wait.py\", line 80, in until\n    raise TimeoutException(message, screen, stacktrace)\n"}, "steps": [{"name": "Given websites https://www.mirkrestikom.ru/shop/vishivanki/", "status": "passed", "start": 1518520345541, "stop": 1518520347449}, {"name": "Then scroll to '300'", "status": "passed", "start": 1518520347449, "stop": 1518520347468}, {"name": "Then page include by class 'view_count_options'", "status": "passed", "start": 1518520347468, "stop": 1518520347515}, {"name": "Then select 100 from list by name view_count", "status": "passed", "start": 1518520347515, "stop": 1518520347970}, {"name": "Then scroll to '400'", "status": "passed", "start": 1518520347970, "stop": 1518520347986}, {"name": "Then page include by class 'info_item_table2'", "status": "passed", "start": 1518520347986, "stop": 1518520349267}, {"name": "Then page include by class 'pagenav'", "status": "broken", "statusDetails": {"message": "selenium.common.exceptions.TimeoutException: Message: \n\n", "trace": "  File \"c:\\users\\user\\appdata\\local\\programs\\python\\python36\\lib\\site-packages\\behave\\model.py\", line 1456, in run\n    match.run(runner.context)\n  File \"c:\\users\\user\\appdata\\local\\programs\\python\\python36\\lib\\site-packages\\behave\\model.py\", line 1903, in run\n    self.func(context, *args, **kwargs)\n  File \"step_test.py\", line 47, in step\n    EC.element_to_be_clickable((By.CLASS_NAME, text)))\n  File \"c:\\users\\user\\appdata\\local\\programs\\python\\python36\\lib\\site-packages\\selenium\\webdriver\\support\\wait.py\", line 80, in until\n    raise TimeoutException(message, screen, stacktrace)\n"}, "start": 1518520349267, "stop": 1518520354336}, {"name": "Then page include by class 'ss-pagact'", "status": "skipped", "start": 1518520354430, "stop": 1518520354430}], "attachments": [{"name": "screenshot", "source": "7d110fe4-d558-4347-86f3-024516263ff2-attachment.png", "type": "image/png"}], "parameters": [{"name": "url", "value": "https://www.mirkrestikom.ru/shop/vishivanki/"}, {"name": "order", "value": "100"}, {"name": "view", "value": "view_count"}], "start": 1518520345540, "stop": 1518520354431, "uuid": "dcc39851-8526-48d9-9eb9-268fc79172a4", "historyId": "5f80fd73943e34f58bcf7b86e207d924", "labels": [{"name": "severity", "value": "normal"}, {"name": "feature", "value": "Checking list (step)"}, {"name": "framework", "value": "behave"}, {"name": "language", "value": "cpython3"}]}