{"name": "Change count", "status": "broken", "statusDetails": {"message": "selenium.common.exceptions.TimeoutException: Message: \n\n", "trace": "  File \"c:\\users\\user\\appdata\\local\\programs\\python\\python36\\lib\\site-packages\\behave\\model.py\", line 1456, in run\n    match.run(runner.context)\n  File \"c:\\users\\user\\appdata\\local\\programs\\python\\python36\\lib\\site-packages\\behave\\model.py\", line 1903, in run\n    self.func(context, *args, **kwargs)\n  File \"step_test.py\", line 55, in step\n    EC.element_to_be_clickable((By.CLASS_NAME, text)))\n  File \"c:\\users\\user\\appdata\\local\\programs\\python\\python36\\lib\\site-packages\\selenium\\webdriver\\support\\wait.py\", line 80, in until\n    raise TimeoutException(message, screen, stacktrace)\n"}, "steps": [{"name": "Given website '/shop/vishivanki/'", "status": "passed", "start": 1519110786813, "stop": 1519110800170}, {"name": "Then scroll to '300'", "status": "passed", "start": 1519110800170, "stop": 1519110800272}, {"name": "Then page include by class 'view_count_options'", "status": "passed", "start": 1519110800272, "stop": 1519110800390}, {"name": "Then select Все from list by name view_count", "status": "passed", "start": 1519110800390, "stop": 1519110800941}, {"name": "Then scroll to '400'", "status": "passed", "start": 1519110800941, "stop": 1519110800947}, {"name": "Then page include by class 'info_item_table2'", "status": "passed", "start": 1519110800947, "stop": 1519110802180}, {"name": "Then page include by class 'pagenav'", "status": "broken", "statusDetails": {"message": "selenium.common.exceptions.TimeoutException: Message: \n\n", "trace": "  File \"c:\\users\\user\\appdata\\local\\programs\\python\\python36\\lib\\site-packages\\behave\\model.py\", line 1456, in run\n    match.run(runner.context)\n  File \"c:\\users\\user\\appdata\\local\\programs\\python\\python36\\lib\\site-packages\\behave\\model.py\", line 1903, in run\n    self.func(context, *args, **kwargs)\n  File \"step_test.py\", line 55, in step\n    EC.element_to_be_clickable((By.CLASS_NAME, text)))\n  File \"c:\\users\\user\\appdata\\local\\programs\\python\\python36\\lib\\site-packages\\selenium\\webdriver\\support\\wait.py\", line 80, in until\n    raise TimeoutException(message, screen, stacktrace)\n"}, "start": 1519110802180, "stop": 1519110812398}, {"name": "Then page include by class 'ss-pagact'", "status": "skipped", "start": 1519110812575, "stop": 1519110812575}], "attachments": [{"name": "screenshot", "source": "abb7e901-d45f-4a1b-a453-d8ea0d121797-attachment.png", "type": "image/png"}], "parameters": [{"name": "url", "value": "/shop/vishivanki/"}, {"name": "order", "value": "Все"}, {"name": "view", "value": "view_count"}], "start": 1519110786812, "stop": 1519110812575, "uuid": "9576a607-8dc1-4a87-95a5-200a14e7a694", "historyId": "38b8ab393c068f55d51c9d16508fc0e3", "labels": [{"name": "severity", "value": "normal"}, {"name": "feature", "value": "Checking list"}, {"name": "framework", "value": "behave"}, {"name": "language", "value": "cpython3"}]}