{"name": "Change count", "status": "broken", "statusDetails": {"message": "selenium.common.exceptions.TimeoutException: Message: \n\n", "trace": "  File \"c:\\users\\user\\appdata\\local\\programs\\python\\python36\\lib\\site-packages\\behave\\model.py\", line 1456, in run\n    match.run(runner.context)\n  File \"c:\\users\\user\\appdata\\local\\programs\\python\\python36\\lib\\site-packages\\behave\\model.py\", line 1903, in run\n    self.func(context, *args, **kwargs)\n  File \"step_test.py\", line 42, in step\n    EC.element_to_be_clickable((By.CLASS_NAME, text)))\n  File \"c:\\users\\user\\appdata\\local\\programs\\python\\python36\\lib\\site-packages\\selenium\\webdriver\\support\\wait.py\", line 80, in until\n    raise TimeoutException(message, screen, stacktrace)\n"}, "steps": [{"name": "Given website 'https://www.mirkrestikom.ru/shop/vishivanki/'", "status": "passed", "start": 1518615098289, "stop": 1518615100399}, {"name": "Then scroll to '300'", "status": "passed", "start": 1518615100399, "stop": 1518615100409}, {"name": "Then page include by class 'view_count_options'", "status": "passed", "start": 1518615100409, "stop": 1518615100440}, {"name": "Then select 100 from list by name view_count", "status": "passed", "start": 1518615100440, "stop": 1518615100791}, {"name": "Then scroll to '400'", "status": "passed", "start": 1518615100791, "stop": 1518615100791}, {"name": "Then page include by class 'info_item_table2'", "status": "passed", "start": 1518615100791, "stop": 1518615103767}, {"name": "Then page include by class 'pagenav'", "status": "broken", "statusDetails": {"message": "selenium.common.exceptions.TimeoutException: Message: \n\n", "trace": "  File \"c:\\users\\user\\appdata\\local\\programs\\python\\python36\\lib\\site-packages\\behave\\model.py\", line 1456, in run\n    match.run(runner.context)\n  File \"c:\\users\\user\\appdata\\local\\programs\\python\\python36\\lib\\site-packages\\behave\\model.py\", line 1903, in run\n    self.func(context, *args, **kwargs)\n  File \"step_test.py\", line 42, in step\n    EC.element_to_be_clickable((By.CLASS_NAME, text)))\n  File \"c:\\users\\user\\appdata\\local\\programs\\python\\python36\\lib\\site-packages\\selenium\\webdriver\\support\\wait.py\", line 80, in until\n    raise TimeoutException(message, screen, stacktrace)\n"}, "start": 1518615103767, "stop": 1518615108806}, {"name": "Then page include by class 'ss-pagact'", "status": "skipped", "start": 1518615108913, "stop": 1518615108913}], "attachments": [{"name": "screenshot", "source": "2082d8ac-d4d3-483e-b516-1e204df4adf9-attachment.png", "type": "image/png"}], "parameters": [{"name": "url", "value": "https://www.mirkrestikom.ru/shop/vishivanki/"}, {"name": "order", "value": "100"}, {"name": "view", "value": "view_count"}], "start": 1518615098289, "stop": 1518615108914, "uuid": "957daaeb-f67d-47e2-94c1-0f29acbc96dc", "historyId": "0f5f071422d920f90933103cb9cf7a7b", "labels": [{"name": "severity", "value": "normal"}, {"name": "feature", "value": "Checking list (step)"}, {"name": "framework", "value": "behave"}, {"name": "language", "value": "cpython3"}]}