{"name": "Try to search", "status": "broken", "statusDetails": {"message": "selenium.common.exceptions.NoSuchElementException: Message: Unable to locate element: //a[contains(text(), 'MI-000575 Карнавальная ночь')]\n\n", "trace": "  File \"c:\\users\\user\\appdata\\local\\programs\\python\\python36\\lib\\site-packages\\behave\\model.py\", line 1456, in run\n    match.run(runner.context)\n  File \"c:\\users\\user\\appdata\\local\\programs\\python\\python36\\lib\\site-packages\\behave\\model.py\", line 1903, in run\n    self.func(context, *args, **kwargs)\n  File \"step_test.py\", line 81, in step\n    \"//%s[contains(text(), '%s')]\" % (tag, text))\n  File \"c:\\users\\user\\appdata\\local\\programs\\python\\python36\\lib\\site-packages\\selenium\\webdriver\\remote\\webdriver.py\", line 855, in find_element\n    'value': value})['value']\n  File \"c:\\users\\user\\appdata\\local\\programs\\python\\python36\\lib\\site-packages\\selenium\\webdriver\\remote\\webdriver.py\", line 308, in execute\n    self.error_handler.check_response(response)\n  File \"c:\\users\\user\\appdata\\local\\programs\\python\\python36\\lib\\site-packages\\selenium\\webdriver\\remote\\errorhandler.py\", line 194, in check_response\n    raise exception_class(message, screen, stacktrace)\n"}, "steps": [{"name": "Given website '/'", "status": "passed", "start": 1518792017124, "stop": 1518792018718}, {"name": "Then clear by id 'search_input'", "status": "passed", "start": 1518792018718, "stop": 1518792018798}, {"name": "Then insert by id 'search_input' '-000575'", "status": "passed", "start": 1518792018798, "stop": 1518792018838}, {"name": "Then push on button by id 'search_submit'", "status": "passed", "start": 1518792018838, "stop": 1518792020856}, {"name": "Then page wait '3'", "status": "passed", "start": 1518792020856, "stop": 1518792023874}, {"name": "Then find element 'a' with text 'MI-000575 Карнавальная ночь'", "status": "broken", "statusDetails": {"message": "selenium.common.exceptions.NoSuchElementException: Message: Unable to locate element: //a[contains(text(), 'MI-000575 Карнавальная ночь')]\n\n", "trace": "  File \"c:\\users\\user\\appdata\\local\\programs\\python\\python36\\lib\\site-packages\\behave\\model.py\", line 1456, in run\n    match.run(runner.context)\n  File \"c:\\users\\user\\appdata\\local\\programs\\python\\python36\\lib\\site-packages\\behave\\model.py\", line 1903, in run\n    self.func(context, *args, **kwargs)\n  File \"step_test.py\", line 81, in step\n    \"//%s[contains(text(), '%s')]\" % (tag, text))\n  File \"c:\\users\\user\\appdata\\local\\programs\\python\\python36\\lib\\site-packages\\selenium\\webdriver\\remote\\webdriver.py\", line 855, in find_element\n    'value': value})['value']\n  File \"c:\\users\\user\\appdata\\local\\programs\\python\\python36\\lib\\site-packages\\selenium\\webdriver\\remote\\webdriver.py\", line 308, in execute\n    self.error_handler.check_response(response)\n  File \"c:\\users\\user\\appdata\\local\\programs\\python\\python36\\lib\\site-packages\\selenium\\webdriver\\remote\\errorhandler.py\", line 194, in check_response\n    raise exception_class(message, screen, stacktrace)\n"}, "start": 1518792023874, "stop": 1518792024217}], "attachments": [{"name": "screenshot", "source": "cb93d807-77c3-43c0-a6b6-5dc3b5b6c4b9-attachment.png", "type": "image/png"}], "parameters": [{"name": "text", "value": "-000575"}, {"name": "result", "value": "MI-000575 Карнавальная ночь"}], "start": 1518792017124, "stop": 1518792024287, "uuid": "683c0547-8b19-432b-8821-1b6a22ee8917", "historyId": "7e1555743fbbc80d0ce8c073e1d4b61b", "labels": [{"name": "severity", "value": "normal"}, {"name": "feature", "value": "Checking search (step)"}, {"name": "framework", "value": "behave"}, {"name": "language", "value": "cpython3"}]}