{"name": "Change count", "status": "broken", "statusDetails": {"message": "selenium.common.exceptions.TimeoutException: Message: \n\n", "trace": "  File \"c:\\users\\user\\appdata\\local\\programs\\python\\python36\\lib\\site-packages\\behave\\model.py\", line 1456, in run\n    match.run(runner.context)\n  File \"c:\\users\\user\\appdata\\local\\programs\\python\\python36\\lib\\site-packages\\behave\\model.py\", line 1903, in run\n    self.func(context, *args, **kwargs)\n  File \"step_test.py\", line 55, in step\n    EC.element_to_be_clickable((By.CLASS_NAME, text)))\n  File \"c:\\users\\user\\appdata\\local\\programs\\python\\python36\\lib\\site-packages\\selenium\\webdriver\\support\\wait.py\", line 80, in until\n    raise TimeoutException(message, screen, stacktrace)\n"}, "steps": [{"name": "Given website '/shop/vishivanki/'", "status": "passed", "start": 1519197251676, "stop": 1519197255577}, {"name": "Then scroll to '300'", "status": "passed", "start": 1519197255578, "stop": 1519197255616}, {"name": "Then page include by class 'view_count_options'", "status": "passed", "start": 1519197255616, "stop": 1519197257344}, {"name": "Then select 100 from list by name view_count", "status": "passed", "start": 1519197257344, "stop": 1519197257847}, {"name": "Then scroll to '400'", "status": "passed", "start": 1519197257848, "stop": 1519197257857}, {"name": "Then page include by class 'info_item_table2'", "status": "passed", "start": 1519197257857, "stop": 1519197259755}, {"name": "Then page include by class 'pagenav'", "status": "broken", "statusDetails": {"message": "selenium.common.exceptions.TimeoutException: Message: \n\n", "trace": "  File \"c:\\users\\user\\appdata\\local\\programs\\python\\python36\\lib\\site-packages\\behave\\model.py\", line 1456, in run\n    match.run(runner.context)\n  File \"c:\\users\\user\\appdata\\local\\programs\\python\\python36\\lib\\site-packages\\behave\\model.py\", line 1903, in run\n    self.func(context, *args, **kwargs)\n  File \"step_test.py\", line 55, in step\n    EC.element_to_be_clickable((By.CLASS_NAME, text)))\n  File \"c:\\users\\user\\appdata\\local\\programs\\python\\python36\\lib\\site-packages\\selenium\\webdriver\\support\\wait.py\", line 80, in until\n    raise TimeoutException(message, screen, stacktrace)\n"}, "start": 1519197259755, "stop": 1519197272638}, {"name": "Then page include by class 'ss-pagact'", "status": "skipped", "start": 1519197272809, "stop": 1519197272809}], "attachments": [{"name": "screenshot", "source": "7f057bf9-b3ef-4ae1-82bc-bc105aa74e8d-attachment.png", "type": "image/png"}], "parameters": [{"name": "url", "value": "/shop/vishivanki/"}, {"name": "order", "value": "100"}, {"name": "view", "value": "view_count"}], "start": 1519197251676, "stop": 1519197272809, "uuid": "73f30db9-0481-4b15-a60e-cbd6dd867858", "historyId": "77cb269622163a0006038c4df1176982", "labels": [{"name": "severity", "value": "normal"}, {"name": "feature", "value": "Checking list"}, {"name": "framework", "value": "behave"}, {"name": "language", "value": "cpython3"}]}