{"name": "Change count", "status": "broken", "statusDetails": {"message": "selenium.common.exceptions.TimeoutException: Message: \n\n", "trace": "  File \"c:\\users\\user\\appdata\\local\\programs\\python\\python36\\lib\\site-packages\\behave\\model.py\", line 1456, in run\n    match.run(runner.context)\n  File \"c:\\users\\user\\appdata\\local\\programs\\python\\python36\\lib\\site-packages\\behave\\model.py\", line 1903, in run\n    self.func(context, *args, **kwargs)\n  File \"step_test.py\", line 42, in step\n    EC.element_to_be_clickable((By.CLASS_NAME, text)))\n  File \"c:\\users\\user\\appdata\\local\\programs\\python\\python36\\lib\\site-packages\\selenium\\webdriver\\support\\wait.py\", line 80, in until\n    raise TimeoutException(message, screen, stacktrace)\n"}, "steps": [{"name": "Given website '/shop/vishivanki/'", "status": "passed", "start": 1518618854045, "stop": 1518618855410}, {"name": "Then scroll to '300'", "status": "passed", "start": 1518618855410, "stop": 1518618855410}, {"name": "Then page include by class 'view_count_options'", "status": "passed", "start": 1518618855410, "stop": 1518618855430}, {"name": "Then select Все from list by name view_count", "status": "passed", "start": 1518618855430, "stop": 1518618855820}, {"name": "Then scroll to '400'", "status": "passed", "start": 1518618855820, "stop": 1518618855820}, {"name": "Then page include by class 'info_item_table2'", "status": "passed", "start": 1518618855820, "stop": 1518618856586}, {"name": "Then page include by class 'pagenav'", "status": "broken", "statusDetails": {"message": "selenium.common.exceptions.TimeoutException: Message: \n\n", "trace": "  File \"c:\\users\\user\\appdata\\local\\programs\\python\\python36\\lib\\site-packages\\behave\\model.py\", line 1456, in run\n    match.run(runner.context)\n  File \"c:\\users\\user\\appdata\\local\\programs\\python\\python36\\lib\\site-packages\\behave\\model.py\", line 1903, in run\n    self.func(context, *args, **kwargs)\n  File \"step_test.py\", line 42, in step\n    EC.element_to_be_clickable((By.CLASS_NAME, text)))\n  File \"c:\\users\\user\\appdata\\local\\programs\\python\\python36\\lib\\site-packages\\selenium\\webdriver\\support\\wait.py\", line 80, in until\n    raise TimeoutException(message, screen, stacktrace)\n"}, "start": 1518618856586, "stop": 1518618863622}, {"name": "Then page include by class 'ss-pagact'", "status": "skipped", "start": 1518618864043, "stop": 1518618864043}], "attachments": [{"name": "screenshot", "source": "41711b82-0fee-48b7-bceb-b0f0c6dea9f9-attachment.png", "type": "image/png"}], "parameters": [{"name": "url", "value": "/shop/vishivanki/"}, {"name": "order", "value": "Все"}, {"name": "view", "value": "view_count"}], "start": 1518618854045, "stop": 1518618864043, "uuid": "e13421be-0f9b-4736-8957-62e764996ac6", "historyId": "38b8ab393c068f55d51c9d16508fc0e3", "labels": [{"name": "severity", "value": "normal"}, {"name": "feature", "value": "Checking list"}, {"name": "framework", "value": "behave"}, {"name": "language", "value": "cpython3"}]}