{"name": "Change count", "status": "broken", "statusDetails": {"message": "selenium.common.exceptions.TimeoutException: Message: \n\n", "trace": "  File \"c:\\users\\user\\appdata\\local\\programs\\python\\python36\\lib\\site-packages\\behave\\model.py\", line 1456, in run\n    match.run(runner.context)\n  File \"c:\\users\\user\\appdata\\local\\programs\\python\\python36\\lib\\site-packages\\behave\\model.py\", line 1903, in run\n    self.func(context, *args, **kwargs)\n  File \"step_test.py\", line 42, in step\n    EC.element_to_be_clickable((By.CLASS_NAME, text)))\n  File \"c:\\users\\user\\appdata\\local\\programs\\python\\python36\\lib\\site-packages\\selenium\\webdriver\\support\\wait.py\", line 80, in until\n    raise TimeoutException(message, screen, stacktrace)\n"}, "steps": [{"name": "Given website '/shop/vishivanki/'", "status": "passed", "start": 1518617191517, "stop": 1518617193920}, {"name": "Then scroll to '300'", "status": "passed", "start": 1518617193920, "stop": 1518617193930}, {"name": "Then page include by class 'view_count_options'", "status": "passed", "start": 1518617193930, "stop": 1518617193980}, {"name": "Then select 100 from list by name view_count", "status": "passed", "start": 1518617193981, "stop": 1518617194338}, {"name": "Then scroll to '400'", "status": "passed", "start": 1518617194338, "stop": 1518617194344}, {"name": "Then page include by class 'info_item_table2'", "status": "passed", "start": 1518617194344, "stop": 1518617195846}, {"name": "Then page include by class 'pagenav'", "status": "broken", "statusDetails": {"message": "selenium.common.exceptions.TimeoutException: Message: \n\n", "trace": "  File \"c:\\users\\user\\appdata\\local\\programs\\python\\python36\\lib\\site-packages\\behave\\model.py\", line 1456, in run\n    match.run(runner.context)\n  File \"c:\\users\\user\\appdata\\local\\programs\\python\\python36\\lib\\site-packages\\behave\\model.py\", line 1903, in run\n    self.func(context, *args, **kwargs)\n  File \"step_test.py\", line 42, in step\n    EC.element_to_be_clickable((By.CLASS_NAME, text)))\n  File \"c:\\users\\user\\appdata\\local\\programs\\python\\python36\\lib\\site-packages\\selenium\\webdriver\\support\\wait.py\", line 80, in until\n    raise TimeoutException(message, screen, stacktrace)\n"}, "start": 1518617195846, "stop": 1518617201085}, {"name": "Then page include by class 'ss-pagact'", "status": "skipped", "start": 1518617201187, "stop": 1518617201187}], "attachments": [{"name": "screenshot", "source": "011d88f4-a8df-40ae-938c-92e10f111a18-attachment.png", "type": "image/png"}], "parameters": [{"name": "url", "value": "/shop/vishivanki/"}, {"name": "order", "value": "100"}, {"name": "view", "value": "view_count"}], "start": 1518617191517, "stop": 1518617201187, "uuid": "f17c604d-15bc-4e82-ba8c-c03c9d59c736", "historyId": "77cb269622163a0006038c4df1176982", "labels": [{"name": "severity", "value": "normal"}, {"name": "feature", "value": "Checking list"}, {"name": "framework", "value": "behave"}, {"name": "language", "value": "cpython3"}]}