{"name": "Change count", "status": "broken", "statusDetails": {"message": "selenium.common.exceptions.TimeoutException: Message: \n\n", "trace": "  File \"c:\\users\\user\\appdata\\local\\programs\\python\\python36\\lib\\site-packages\\behave\\model.py\", line 1456, in run\n    match.run(runner.context)\n  File \"c:\\users\\user\\appdata\\local\\programs\\python\\python36\\lib\\site-packages\\behave\\model.py\", line 1903, in run\n    self.func(context, *args, **kwargs)\n  File \"step_test.py\", line 55, in step\n    EC.element_to_be_clickable((By.CLASS_NAME, text)))\n  File \"c:\\users\\user\\appdata\\local\\programs\\python\\python36\\lib\\site-packages\\selenium\\webdriver\\support\\wait.py\", line 80, in until\n    raise TimeoutException(message, screen, stacktrace)\n"}, "steps": [{"name": "Given website '/shop/nabory-dlja-rukodelija-abstrakciya/'", "status": "passed", "start": 1519024191921, "stop": 1519024195390}, {"name": "Then scroll to '300'", "status": "passed", "start": 1519024195390, "stop": 1519024195402}, {"name": "Then page include by class 'view_count_options'", "status": "passed", "start": 1519024195402, "stop": 1519024195427}, {"name": "Then select Все from list by name view_count", "status": "passed", "start": 1519024195427, "stop": 1519024195863}, {"name": "Then scroll to '400'", "status": "passed", "start": 1519024195863, "stop": 1519024195868}, {"name": "Then page include by class 'info_item_table2'", "status": "passed", "start": 1519024195868, "stop": 1519024199755}, {"name": "Then page include by class 'pagenav'", "status": "broken", "statusDetails": {"message": "selenium.common.exceptions.TimeoutException: Message: \n\n", "trace": "  File \"c:\\users\\user\\appdata\\local\\programs\\python\\python36\\lib\\site-packages\\behave\\model.py\", line 1456, in run\n    match.run(runner.context)\n  File \"c:\\users\\user\\appdata\\local\\programs\\python\\python36\\lib\\site-packages\\behave\\model.py\", line 1903, in run\n    self.func(context, *args, **kwargs)\n  File \"step_test.py\", line 55, in step\n    EC.element_to_be_clickable((By.CLASS_NAME, text)))\n  File \"c:\\users\\user\\appdata\\local\\programs\\python\\python36\\lib\\site-packages\\selenium\\webdriver\\support\\wait.py\", line 80, in until\n    raise TimeoutException(message, screen, stacktrace)\n"}, "start": 1519024199755, "stop": 1519024209940}, {"name": "Then page include by class 'ss-pagact'", "status": "skipped", "start": 1519024210060, "stop": 1519024210060}], "attachments": [{"name": "screenshot", "source": "911783a5-8801-44c1-a0a0-e485b89077d8-attachment.png", "type": "image/png"}], "parameters": [{"name": "url", "value": "/shop/nabory-dlja-rukodelija-abstrakciya/"}, {"name": "order", "value": "Все"}, {"name": "view", "value": "view_count"}], "start": 1519024191920, "stop": 1519024210060, "uuid": "e8afe3e6-2fc8-410f-9f5e-9429c7d0bd6f", "historyId": "835bfeea9fdadcd1f36b0c265a7e2fe8", "labels": [{"name": "severity", "value": "normal"}, {"name": "feature", "value": "Checking list"}, {"name": "framework", "value": "behave"}, {"name": "language", "value": "cpython3"}]}